STAR version=2.7.7a
STAR compilation time,server,dir=Mon Feb 15 15:10:17 CET 2021 :/data/home/blipinski/projetS3/STAR-2.7.7a/source
##### Command Line:
/data/home/blipinski/projetS3/STAR-2.7.7a/source/./STAR --runThreadN 40 --genomeDir /tmp/BTC_Projet/STARIndex/ --readFilesCommand gunzip -c --readFilesIn CA-F-W5P2_S15_R1_001.fastq.gz --outFileNamePrefix CA-F-W5P2_S15_R1_001.fastq.gz --outSAMunmapped Within
##### Initial USER parameters from Command Line:
outFileNamePrefix                 CA-F-W5P2_S15_R1_001.fastq.gz
###### All USER parameters from Command Line:
runThreadN                    40     ~RE-DEFINED
genomeDir                     /tmp/BTC_Projet/STARIndex/     ~RE-DEFINED
readFilesCommand              gunzip   -c        ~RE-DEFINED
readFilesIn                   CA-F-W5P2_S15_R1_001.fastq.gz        ~RE-DEFINED
outFileNamePrefix             CA-F-W5P2_S15_R1_001.fastq.gz     ~RE-DEFINED
outSAMunmapped                Within        ~RE-DEFINED
##### Finished reading parameters from all sources

##### Final user re-defined parameters-----------------:
runThreadN                        40
genomeDir                         /tmp/BTC_Projet/STARIndex/
readFilesIn                       CA-F-W5P2_S15_R1_001.fastq.gz   
readFilesCommand                  gunzip   -c   
outFileNamePrefix                 CA-F-W5P2_S15_R1_001.fastq.gz
outSAMunmapped                    Within   

-------------------------------
##### Final effective command line:
/data/home/blipinski/projetS3/STAR-2.7.7a/source/./STAR   --runThreadN 40   --genomeDir /tmp/BTC_Projet/STARIndex/   --readFilesIn CA-F-W5P2_S15_R1_001.fastq.gz      --readFilesCommand gunzip   -c      --outFileNamePrefix CA-F-W5P2_S15_R1_001.fastq.gz   --outSAMunmapped Within   
----------------------------------------

Number of fastq files for each mate = 1

   Input read files for mate 1 :
-rwxrwxrwx 1 blipinski EdudiantMaster2018 480761598 Sep  8 21:59 CA-F-W5P2_S15_R1_001.fastq.gz

   readsCommandsFile:
exec > "CA-F-W5P2_S15_R1_001.fastq.gz_STARtmp/tmp.fifo.read1"
echo FILE 0
gunzip   -c      "CA-F-W5P2_S15_R1_001.fastq.gz"

Finished loading and checking parameters
Reading genome generation parameters:
### /data/home/cmandier/Projet_trans/STAR-2.7.7a/bin/Linux_x86_64/STAR   --runMode genomeGenerate   --runThreadN 50   --genomeDir /data/home/cmandier/STARIndex   --genomeFastaFiles GCF_006496715.1_Aalbo_primary.1_genomic.fna      --sjdbGTFfile GCF_006496715.1_Aalbo_primary.1_genomic.gtf   --sjdbOverhang 74
### GstrandBit=32
versionGenome                 2.7.4a     ~RE-DEFINED
genomeType                    Full     ~RE-DEFINED
genomeFastaFiles              GCF_006496715.1_Aalbo_primary.1_genomic.fna        ~RE-DEFINED
genomeSAindexNbases           14     ~RE-DEFINED
genomeChrBinNbits             18     ~RE-DEFINED
genomeSAsparseD               1     ~RE-DEFINED
genomeTransformType           None     ~RE-DEFINED
genomeTransformVCF            -     ~RE-DEFINED
sjdbOverhang                  74     ~RE-DEFINED
sjdbFileChrStartEnd           -        ~RE-DEFINED
sjdbGTFfile                   GCF_006496715.1_Aalbo_primary.1_genomic.gtf     ~RE-DEFINED
sjdbGTFchrPrefix              -     ~RE-DEFINED
sjdbGTFfeatureExon            exon     ~RE-DEFINED
sjdbGTFtagExonParentTranscripttranscript_id     ~RE-DEFINED
sjdbGTFtagExonParentGene      gene_id     ~RE-DEFINED
sjdbInsertSave                Basic     ~RE-DEFINED
genomeFileSizes               2957386645   21075064621        ~RE-DEFINED
Genome version is compatible with current STAR
Number of real (reference) chromosomes= 2197
1	NW_021837045.1	196395033	0
2	NW_021837046.1	63746563	196608000
3	NW_021837047.1	2065833	260571136
4	NW_021837048.1	126544	262668288
5	NW_021837049.1	125163	262930432
6	NW_021837050.1	124984	263192576
7	NW_021837051.1	124529	263454720
8	NW_021837052.1	124203	263716864
9	NW_021837053.1	124195	263979008
10	NW_021837054.1	124221	264241152
11	NW_021837055.1	123348	264503296
12	NW_021837056.1	122866	264765440
13	NW_021837057.1	123355	265027584
14	NW_021837058.1	2055714	265289728
15	NW_021837059.1	122759	267386880
16	NW_021837060.1	122420	267649024
17	NW_021837061.1	122254	267911168
18	NW_021837062.1	121901	268173312
19	NW_021837063.1	121878	268435456
20	NW_021837064.1	121713	268697600
21	NW_021837065.1	121635	268959744
22	NW_021837066.1	121516	269221888
23	NW_021837067.1	119837	269484032
24	NW_021837068.1	120126	269746176
25	NW_021837069.1	2055431	270008320
26	NW_021837070.1	118978	272105472
27	NW_021837071.1	118395	272367616
28	NW_021837072.1	118250	272629760
29	NW_021837073.1	118193	272891904
30	NW_021837074.1	118575	273154048
31	NW_021837075.1	117428	273416192
32	NW_021837076.1	117095	273678336
33	NW_021837077.1	116423	273940480
34	NW_021837078.1	116326	274202624
35	NW_021837079.1	115902	274464768
36	NW_021837080.1	2041625	274726912
37	NW_021837081.1	115663	276824064
38	NW_021837082.1	115583	277086208
39	NW_021837083.1	115073	277348352
40	NW_021837084.1	114592	277610496
41	NW_021837085.1	113280	277872640
42	NW_021837086.1	113246	278134784
43	NW_021837087.1	113223	278396928
44	NW_021837088.1	113134	278659072
45	NW_021837089.1	113430	278921216
46	NW_021837090.1	2037091	279183360
47	NW_021837091.1	112791	281280512
48	NW_021837092.1	112332	281542656
49	NW_021837093.1	113789	281804800
50	NW_021837094.1	112281	282066944
51	NW_021837095.1	112151	282329088
52	NW_021837096.1	112459	282591232
53	NW_021837097.1	111824	282853376
54	NW_021837098.1	111809	283115520
55	NW_021837099.1	112021	283377664
56	NW_021837100.1	111035	283639808
57	NW_021837101.1	2028424	283901952
58	NW_021837102.1	110996	285999104
59	NW_021837103.1	110993	286261248
60	NW_021837104.1	110467	286523392
61	NW_021837105.1	109934	286785536
62	NW_021837106.1	109904	287047680
63	NW_021837107.1	108162	287309824
64	NW_021837108.1	108003	287571968
65	NW_021837109.1	107798	287834112
66	NW_021837110.1	107564	288096256
67	NW_021837111.1	106991	288358400
68	NW_021837112.1	1999954	288620544
69	NW_021837113.1	106893	290717696
70	NW_021837114.1	105978	290979840
71	NW_021837115.1	105517	291241984
72	NW_021837116.1	104485	291504128
73	NW_021837117.1	104469	291766272
74	NW_021837118.1	104029	292028416
75	NW_021837119.1	104012	292290560
76	NW_021837120.1	103784	292552704
77	NW_021837121.1	102458	292814848
78	NW_021837122.1	102336	293076992
79	NW_021837123.1	1994842	293339136
80	NW_021837124.1	102290	295436288
81	NW_021837125.1	102285	295698432
82	NW_021837126.1	102201	295960576
83	NW_021837127.1	102119	296222720
84	NW_021837128.1	102113	296484864
85	NW_021837129.1	101934	296747008
86	NW_021837130.1	101602	297009152
87	NW_021837131.1	101523	297271296
88	NW_021837132.1	101020	297533440
89	NW_021837133.1	100200	297795584
90	NW_021837134.1	1996057	298057728
91	NW_021837135.1	100146	300154880
92	NW_021837136.1	100073	300417024
93	NW_021837137.1	99977	300679168
94	NW_021837138.1	99750	300941312
95	NW_021837139.1	99499	301203456
96	NW_021837140.1	99111	301465600
97	NW_021837141.1	98750	301727744
98	NW_021837142.1	98736	301989888
99	NW_021837143.1	98673	302252032
100	NW_021837144.1	99611	302514176
101	NW_021837145.1	1987054	302776320
102	NW_021837146.1	98563	304873472
103	NW_021837147.1	98118	305135616
104	NW_021837148.1	97963	305397760
105	NW_021837149.1	97870	305659904
106	NW_021837150.1	97655	305922048
107	NW_021837151.1	97520	306184192
108	NW_021837152.1	97205	306446336
109	NW_021837153.1	97067	306708480
110	NW_021837154.1	96332	306970624
111	NW_021837155.1	96123	307232768
112	NW_021837156.1	62838808	307494912
113	NW_021837157.1	1953083	370409472
114	NW_021837158.1	95694	372506624
115	NW_021837159.1	95476	372768768
116	NW_021837160.1	94472	373030912
117	NW_021837161.1	94018	373293056
118	NW_021837162.1	94192	373555200
119	NW_021837163.1	93675	373817344
120	NW_021837164.1	93524	374079488
121	NW_021837165.1	93523	374341632
122	NW_021837166.1	93104	374603776
123	NW_021837167.1	93013	374865920
124	NW_021837168.1	1915568	375128064
125	NW_021837169.1	92534	377225216
126	NW_021837170.1	92395	377487360
127	NW_021837171.1	92067	377749504
128	NW_021837172.1	91879	378011648
129	NW_021837173.1	91742	378273792
130	NW_021837174.1	91610	378535936
131	NW_021837175.1	91523	378798080
132	NW_021837176.1	91433	379060224
133	NW_021837177.1	91300	379322368
134	NW_021837178.1	90893	379584512
135	NW_021837179.1	1885767	379846656
136	NW_021837180.1	90675	381943808
137	NW_021837181.1	90239	382205952
138	NW_021837182.1	89892	382468096
139	NW_021837183.1	89783	382730240
140	NW_021837184.1	89603	382992384
141	NW_021837185.1	89480	383254528
142	NW_021837186.1	89333	383516672
143	NW_021837187.1	89812	383778816
144	NW_021837188.1	89302	384040960
145	NW_021837189.1	89046	384303104
146	NW_021837190.1	1860291	384565248
147	NW_021837191.1	88670	386662400
148	NW_021837192.1	88435	386924544
149	NW_021837193.1	88431	387186688
150	NW_021837194.1	88046	387448832
151	NW_021837195.1	87964	387710976
152	NW_021837196.1	87720	387973120
153	NW_021837197.1	87370	388235264
154	NW_021837198.1	86813	388497408
155	NW_021837199.1	86714	388759552
156	NW_021837200.1	86472	389021696
157	NW_021837201.1	1822519	389283840
158	NW_021837202.1	86885	391118848
159	NW_021837203.1	85924	391380992
160	NW_021837204.1	85918	391643136
161	NW_021837205.1	85645	391905280
162	NW_021837206.1	84810	392167424
163	NW_021837207.1	84146	392429568
164	NW_021837208.1	84024	392691712
165	NW_021837209.1	84288	392953856
166	NW_021837210.1	83638	393216000
167	NW_021837211.1	83618	393478144
168	NW_021837212.1	1788341	393740288
169	NW_021837213.1	83050	395575296
170	NW_021837214.1	82425	395837440
171	NW_021837215.1	82424	396099584
172	NW_021837216.1	82417	396361728
173	NW_021837217.1	81723	396623872
174	NW_021837218.1	81722	396886016
175	NW_021837219.1	81656	397148160
176	NW_021837220.1	81642	397410304
177	NW_021837221.1	81601	397672448
178	NW_021837222.1	80969	397934592
179	NW_021837223.1	1750781	398196736
180	NW_021837224.1	80840	400031744
181	NW_021837225.1	80578	400293888
182	NW_021837226.1	79967	400556032
183	NW_021837227.1	79950	400818176
184	NW_021837228.1	79658	401080320
185	NW_021837229.1	79345	401342464
186	NW_021837230.1	79270	401604608
187	NW_021837231.1	79193	401866752
188	NW_021837232.1	79007	402128896
189	NW_021837233.1	78886	402391040
190	NW_021837234.1	1751134	402653184
191	NW_021837235.1	78636	404488192
192	NW_021837236.1	78081	404750336
193	NW_021837237.1	77849	405012480
194	NW_021837238.1	77845	405274624
195	NW_021837239.1	77650	405536768
196	NW_021837240.1	77474	405798912
197	NW_021837241.1	77206	406061056
198	NW_021837242.1	77089	406323200
199	NW_021837243.1	76958	406585344
200	NW_021837244.1	76503	406847488
201	NW_021837245.1	1748916	407109632
202	NW_021837246.1	76240	408944640
203	NW_021837247.1	75965	409206784
204	NW_021837248.1	75960	409468928
205	NW_021837249.1	76438	409731072
206	NW_021837250.1	75844	409993216
207	NW_021837251.1	75623	410255360
208	NW_021837252.1	75520	410517504
209	NW_021837253.1	75460	410779648
210	NW_021837254.1	75423	411041792
211	NW_021837255.1	75169	411303936
212	NW_021837256.1	1741690	411566080
213	NW_021837257.1	75123	413401088
214	NW_021837258.1	74480	413663232
215	NW_021837259.1	73907	413925376
216	NW_021837260.1	73789	414187520
217	NW_021837261.1	73528	414449664
218	NW_021837262.1	73494	414711808
219	NW_021837263.1	73329	414973952
220	NW_021837264.1	73242	415236096
221	NW_021837265.1	73021	415498240
222	NW_021837266.1	72920	415760384
223	NW_021837267.1	58853413	416022528
224	NW_021837268.1	1730878	475004928
225	NW_021837269.1	72795	476839936
226	NW_021837270.1	72569	477102080
227	NW_021837271.1	72545	477364224
228	NW_021837272.1	72797	477626368
229	NW_021837273.1	72133	477888512
230	NW_021837274.1	72107	478150656
231	NW_021837275.1	72065	478412800
232	NW_021837276.1	71962	478674944
233	NW_021837277.1	71630	478937088
234	NW_021837278.1	71528	479199232
235	NW_021837279.1	1722526	479461376
236	NW_021837280.1	71505	481296384
237	NW_021837281.1	71144	481558528
238	NW_021837282.1	71062	481820672
239	NW_021837283.1	70966	482082816
240	NW_021837284.1	70926	482344960
241	NW_021837285.1	70914	482607104
242	NW_021837286.1	70848	482869248
243	NW_021837287.1	70491	483131392
244	NW_021837288.1	70475	483393536
245	NW_021837289.1	70466	483655680
246	NW_021837290.1	1686854	483917824
247	NW_021837291.1	70419	485752832
248	NW_021837292.1	70387	486014976
249	NW_021837293.1	70152	486277120
250	NW_021837294.1	70014	486539264
251	NW_021837295.1	69989	486801408
252	NW_021837296.1	69782	487063552
253	NW_021837297.1	69497	487325696
254	NW_021837298.1	69329	487587840
255	NW_021837299.1	68526	487849984
256	NW_021837300.1	68309	488112128
257	NW_021837301.1	1680322	488374272
258	NW_021837302.1	68283	490209280
259	NW_021837303.1	68200	490471424
260	NW_021837304.1	68196	490733568
261	NW_021837305.1	67956	490995712
262	NW_021837306.1	67621	491257856
263	NW_021837307.1	67580	491520000
264	NW_021837308.1	67300	491782144
265	NW_021837309.1	66280	492044288
266	NW_021837310.1	66267	492306432
267	NW_021837311.1	65986	492568576
268	NW_021837312.1	1671975	492830720
269	NW_021837313.1	65981	494665728
270	NW_021837314.1	65918	494927872
271	NW_021837315.1	65843	495190016
272	NW_021837316.1	65748	495452160
273	NW_021837317.1	65360	495714304
274	NW_021837318.1	65321	495976448
275	NW_021837319.1	64794	496238592
276	NW_021837320.1	64825	496500736
277	NW_021837321.1	64251	496762880
278	NW_021837322.1	64223	497025024
279	NW_021837323.1	1667058	497287168
280	NW_021837324.1	64206	499122176
281	NW_021837325.1	64683	499384320
282	NW_021837326.1	63976	499646464
283	NW_021837327.1	63245	499908608
284	NW_021837328.1	62744	500170752
285	NW_021837329.1	62742	500432896
286	NW_021837330.1	62541	500695040
287	NW_021837331.1	62350	500957184
288	NW_021837332.1	62186	501219328
289	NW_021837333.1	62158	501481472
290	NW_021837334.1	1662125	501743616
291	NW_021837335.1	62110	503578624
292	NW_021837336.1	62535	503840768
293	NW_021837337.1	61620	504102912
294	NW_021837338.1	61420	504365056
295	NW_021837339.1	60843	504627200
296	NW_021837340.1	59829	504889344
297	NW_021837341.1	59763	505151488
298	NW_021837342.1	59601	505413632
299	NW_021837343.1	59581	505675776
300	NW_021837344.1	60074	505937920
301	NW_021837345.1	1661051	506200064
302	NW_021837346.1	59123	508035072
303	NW_021837347.1	58460	508297216
304	NW_021837348.1	58402	508559360
305	NW_021837349.1	57979	508821504
306	NW_021837350.1	57804	509083648
307	NW_021837351.1	57790	509345792
308	NW_021837352.1	57345	509607936
309	NW_021837353.1	56915	509870080
310	NW_021837354.1	56676	510132224
311	NW_021837355.1	56661	510394368
312	NW_021837356.1	1651968	510656512
313	NW_021837357.1	56379	512491520
314	NW_021837358.1	55995	512753664
315	NW_021837359.1	55888	513015808
316	NW_021837360.1	55836	513277952
317	NW_021837361.1	55446	513540096
318	NW_021837362.1	55121	513802240
319	NW_021837363.1	54751	514064384
320	NW_021837364.1	53880	514326528
321	NW_021837365.1	53836	514588672
322	NW_021837366.1	53699	514850816
323	NW_021837367.1	1648611	515112960
324	NW_021837368.1	53671	516947968
325	NW_021837369.1	53173	517210112
326	NW_021837370.1	53076	517472256
327	NW_021837371.1	52705	517734400
328	NW_021837372.1	52634	517996544
329	NW_021837373.1	52513	518258688
330	NW_021837374.1	52394	518520832
331	NW_021837375.1	52151	518782976
332	NW_021837376.1	51477	519045120
333	NW_021837377.1	51477	519307264
334	NW_021837378.1	55702539	519569408
335	NW_021837379.1	1626041	575406080
336	NW_021837380.1	51405	577241088
337	NW_021837381.1	51115	577503232
338	NW_021837382.1	51051	577765376
339	NW_021837383.1	51518	578027520
340	NW_021837384.1	50790	578289664
341	NW_021837385.1	50566	578551808
342	NW_021837386.1	50090	578813952
343	NW_021837387.1	50059	579076096
344	NW_021837388.1	49906	579338240
345	NW_021837389.1	49788	579600384
346	NW_021837390.1	1619651	579862528
347	NW_021837391.1	49750	581697536
348	NW_021837392.1	49385	581959680
349	NW_021837393.1	49161	582221824
350	NW_021837394.1	48904	582483968
351	NW_021837395.1	48849	582746112
352	NW_021837396.1	48651	583008256
353	NW_021837397.1	48424	583270400
354	NW_021837398.1	48239	583532544
355	NW_021837399.1	47947	583794688
356	NW_021837400.1	47814	584056832
357	NW_021837401.1	1598722	584318976
358	NW_021837402.1	47604	586153984
359	NW_021837403.1	47581	586416128
360	NW_021837404.1	47320	586678272
361	NW_021837405.1	47243	586940416
362	NW_021837406.1	47061	587202560
363	NW_021837407.1	46927	587464704
364	NW_021837408.1	46907	587726848
365	NW_021837409.1	46564	587988992
366	NW_021837410.1	46480	588251136
367	NW_021837411.1	46221	588513280
368	NW_021837412.1	1590555	588775424
369	NW_021837413.1	46181	590610432
370	NW_021837414.1	46168	590872576
371	NW_021837415.1	46023	591134720
372	NW_021837416.1	45977	591396864
373	NW_021837417.1	45581	591659008
374	NW_021837418.1	45172	591921152
375	NW_021837419.1	44833	592183296
376	NW_021837420.1	44715	592445440
377	NW_021837421.1	44481	592707584
378	NW_021837422.1	44441	592969728
379	NW_021837423.1	1586220	593231872
380	NW_021837424.1	44374	595066880
381	NW_021837425.1	44249	595329024
382	NW_021837426.1	44048	595591168
383	NW_021837427.1	44016	595853312
384	NW_021837428.1	44004	596115456
385	NW_021837429.1	43472	596377600
386	NW_021837430.1	43411	596639744
387	NW_021837431.1	43242	596901888
388	NW_021837432.1	43237	597164032
389	NW_021837433.1	43155	597426176
390	NW_021837434.1	1578587	597688320
391	NW_021837435.1	43051	599523328
392	NW_021837436.1	42926	599785472
393	NW_021837437.1	42865	600047616
394	NW_021837438.1	42827	600309760
395	NW_021837439.1	42801	600571904
396	NW_021837440.1	42622	600834048
397	NW_021837441.1	42582	601096192
398	NW_021837442.1	42497	601358336
399	NW_021837443.1	42416	601620480
400	NW_021837444.1	42412	601882624
401	NW_021837445.1	1558531	602144768
402	NW_021837446.1	42379	603717632
403	NW_021837447.1	42202	603979776
404	NW_021837448.1	42149	604241920
405	NW_021837449.1	42102	604504064
406	NW_021837450.1	41797	604766208
407	NW_021837451.1	41580	605028352
408	NW_021837452.1	41510	605290496
409	NW_021837453.1	41460	605552640
410	NW_021837454.1	41418	605814784
411	NW_021837455.1	41371	606076928
412	NW_021837456.1	1553520	606339072
413	NW_021837457.1	41367	607911936
414	NW_021837458.1	41359	608174080
415	NW_021837459.1	41026	608436224
416	NW_021837460.1	40943	608698368
417	NW_021837461.1	40877	608960512
418	NW_021837462.1	40698	609222656
419	NW_021837463.1	40629	609484800
420	NW_021837464.1	40382	609746944
421	NW_021837465.1	40082	610009088
422	NW_021837466.1	40069	610271232
423	NW_021837467.1	1551456	610533376
424	NW_021837468.1	39821	612106240
425	NW_021837469.1	39666	612368384
426	NW_021837470.1	39504	612630528
427	NW_021837471.1	39427	612892672
428	NW_021837472.1	39076	613154816
429	NW_021837473.1	38950	613416960
430	NW_021837474.1	38729	613679104
431	NW_021837475.1	38401	613941248
432	NW_021837476.1	38372	614203392
433	NW_021837477.1	38039	614465536
434	NW_021837478.1	1545703	614727680
435	NW_021837479.1	37930	616300544
436	NW_021837480.1	37767	616562688
437	NW_021837481.1	37759	616824832
438	NW_021837482.1	37683	617086976
439	NW_021837483.1	37530	617349120
440	NW_021837484.1	37415	617611264
441	NW_021837485.1	37412	617873408
442	NW_021837486.1	37313	618135552
443	NW_021837487.1	37203	618397696
444	NW_021837488.1	36942	618659840
445	NW_021837489.1	52942089	618921984
446	NW_021837490.1	1531810	671875072
447	NW_021837491.1	36865	673447936
448	NW_021837492.1	36759	673710080
449	NW_021837493.1	36285	673972224
450	NW_021837494.1	36149	674234368
451	NW_021837495.1	35810	674496512
452	NW_021837496.1	35735	674758656
453	NW_021837497.1	35727	675020800
454	NW_021837498.1	35688	675282944
455	NW_021837499.1	35633	675545088
456	NW_021837500.1	35345	675807232
457	NW_021837501.1	1528376	676069376
458	NW_021837502.1	35226	677642240
459	NW_021837503.1	35134	677904384
460	NW_021837504.1	35073	678166528
461	NW_021837505.1	34898	678428672
462	NW_021837506.1	34883	678690816
463	NW_021837507.1	34788	678952960
464	NW_021837508.1	34762	679215104
465	NW_021837509.1	34725	679477248
466	NW_021837510.1	34612	679739392
467	NW_021837511.1	34602	680001536
468	NW_021837512.1	1523988	680263680
469	NW_021837513.1	34563	681836544
470	NW_021837514.1	34431	682098688
471	NW_021837515.1	34319	682360832
472	NW_021837516.1	34298	682622976
473	NW_021837517.1	34286	682885120
474	NW_021837518.1	34116	683147264
475	NW_021837519.1	34069	683409408
476	NW_021837520.1	33982	683671552
477	NW_021837521.1	33809	683933696
478	NW_021837522.1	33530	684195840
479	NW_021837523.1	1523746	684457984
480	NW_021837524.1	33443	686030848
481	NW_021837525.1	33441	686292992
482	NW_021837526.1	33416	686555136
483	NW_021837527.1	33250	686817280
484	NW_021837528.1	33151	687079424
485	NW_021837529.1	33046	687341568
486	NW_021837530.1	32924	687603712
487	NW_021837531.1	32767	687865856
488	NW_021837532.1	32704	688128000
489	NW_021837533.1	32617	688390144
490	NW_021837534.1	1506639	688652288
491	NW_021837535.1	32600	690225152
492	NW_021837536.1	32574	690487296
493	NW_021837537.1	32551	690749440
494	NW_021837538.1	32526	691011584
495	NW_021837539.1	32447	691273728
496	NW_021837540.1	32324	691535872
497	NW_021837541.1	32085	691798016
498	NW_021837542.1	31990	692060160
499	NW_021837543.1	31673	692322304
500	NW_021837544.1	31603	692584448
501	NW_021837545.1	1497464	692846592
502	NW_021837546.1	31587	694419456
503	NW_021837547.1	31453	694681600
504	NW_021837548.1	31414	694943744
505	NW_021837549.1	31335	695205888
506	NW_021837550.1	31316	695468032
507	NW_021837551.1	31290	695730176
508	NW_021837552.1	30936	695992320
509	NW_021837553.1	30515	696254464
510	NW_021837554.1	30473	696516608
511	NW_021837555.1	30424	696778752
512	NW_021837556.1	1487741	697040896
513	NW_021837557.1	30256	698613760
514	NW_021837558.1	30198	698875904
515	NW_021837559.1	30103	699138048
516	NW_021837560.1	30083	699400192
517	NW_021837561.1	29847	699662336
518	NW_021837562.1	29638	699924480
519	NW_021837563.1	29527	700186624
520	NW_021837564.1	29474	700448768
521	NW_021837565.1	29247	700710912
522	NW_021837566.1	29191	700973056
523	NW_021837567.1	1486348	701235200
524	NW_021837568.1	29057	702808064
525	NW_021837569.1	28810	703070208
526	NW_021837570.1	28748	703332352
527	NW_021837571.1	28414	703594496
528	NW_021837572.1	28377	703856640
529	NW_021837573.1	28111	704118784
530	NW_021837574.1	28035	704380928
531	NW_021837575.1	27953	704643072
532	NW_021837576.1	27930	704905216
533	NW_021837577.1	27811	705167360
534	NW_021837578.1	1458603	705429504
535	NW_021837579.1	27661	707002368
536	NW_021837580.1	27568	707264512
537	NW_021837581.1	27273	707526656
538	NW_021837582.1	27074	707788800
539	NW_021837583.1	27008	708050944
540	NW_021837584.1	26686	708313088
541	NW_021837585.1	26660	708575232
542	NW_021837586.1	26354	708837376
543	NW_021837587.1	26325	709099520
544	NW_021837588.1	26279	709361664
545	NW_021837589.1	1456266	709623808
546	NW_021837590.1	26277	711196672
547	NW_021837591.1	26267	711458816
548	NW_021837592.1	26220	711720960
549	NW_021837593.1	26202	711983104
550	NW_021837594.1	26197	712245248
551	NW_021837595.1	25868	712507392
552	NW_021837596.1	25678	712769536
553	NW_021837597.1	25640	713031680
554	NW_021837598.1	25638	713293824
555	NW_021837599.1	25570	713555968
556	NW_021837600.1	51173165	713818112
557	NW_021837601.1	1443841	765198336
558	NW_021837602.1	25299	766771200
559	NW_021837603.1	25024	767033344
560	NW_021837604.1	24874	767295488
561	NW_021837605.1	24808	767557632
562	NW_021837606.1	24299	767819776
563	NW_021837607.1	24070	768081920
564	NW_021837608.1	24027	768344064
565	NW_021837609.1	23894	768606208
566	NW_021837610.1	23793	768868352
567	NW_021837611.1	23725	769130496
568	NW_021837612.1	1438208	769392640
569	NW_021837613.1	23682	770965504
570	NW_021837614.1	23415	771227648
571	NW_021837615.1	23393	771489792
572	NW_021837616.1	23277	771751936
573	NW_021837617.1	23273	772014080
574	NW_021837618.1	23115	772276224
575	NW_021837619.1	22725	772538368
576	NW_021837620.1	22711	772800512
577	NW_021837621.1	22556	773062656
578	NW_021837622.1	22494	773324800
579	NW_021837623.1	1426157	773586944
580	NW_021837624.1	22416	775159808
581	NW_021837625.1	22344	775421952
582	NW_021837626.1	22303	775684096
583	NW_021837627.1	22293	775946240
584	NW_021837628.1	22127	776208384
585	NW_021837629.1	21980	776470528
586	NW_021837630.1	21679	776732672
587	NW_021837631.1	21670	776994816
588	NW_021837632.1	21667	777256960
589	NW_021837633.1	21534	777519104
590	NW_021837634.1	1417356	777781248
591	NW_021837635.1	21458	779354112
592	NW_021837636.1	21450	779616256
593	NW_021837637.1	21416	779878400
594	NW_021837638.1	21400	780140544
595	NW_021837639.1	21243	780402688
596	NW_021837640.1	21193	780664832
597	NW_021837641.1	20897	780926976
598	NW_021837642.1	20609	781189120
599	NW_021837643.1	20600	781451264
600	NW_021837644.1	20593	781713408
601	NW_021837645.1	1400889	781975552
602	NW_021837646.1	20554	783548416
603	NW_021837647.1	20544	783810560
604	NW_021837648.1	20306	784072704
605	NW_021837649.1	20305	784334848
606	NW_021837650.1	20190	784596992
607	NW_021837651.1	20189	784859136
608	NW_021837652.1	20114	785121280
609	NW_021837653.1	19743	785383424
610	NW_021837654.1	19607	785645568
611	NW_021837655.1	19465	785907712
612	NW_021837656.1	1402036	786169856
613	NW_021837657.1	19451	787742720
614	NW_021837658.1	19334	788004864
615	NW_021837659.1	19302	788267008
616	NW_021837660.1	19091	788529152
617	NW_021837661.1	19028	788791296
618	NW_021837662.1	18644	789053440
619	NW_021837663.1	18642	789315584
620	NW_021837664.1	18536	789577728
621	NW_021837665.1	18524	789839872
622	NW_021837666.1	18489	790102016
623	NW_021837667.1	1386153	790364160
624	NW_021837668.1	18231	791937024
625	NW_021837669.1	18222	792199168
626	NW_021837670.1	18196	792461312
627	NW_021837671.1	18063	792723456
628	NW_021837672.1	18030	792985600
629	NW_021837673.1	17994	793247744
630	NW_021837674.1	17962	793509888
631	NW_021837675.1	17780	793772032
632	NW_021837676.1	17699	794034176
633	NW_021837677.1	17508	794296320
634	NW_021837678.1	1372347	794558464
635	NW_021837679.1	17427	796131328
636	NW_021837680.1	17360	796393472
637	NW_021837681.1	17302	796655616
638	NW_021837682.1	17265	796917760
639	NW_021837683.1	17062	797179904
640	NW_021837684.1	16988	797442048
641	NW_021837685.1	16948	797704192
642	NW_021837686.1	16923	797966336
643	NW_021837687.1	16730	798228480
644	NW_021837688.1	16537	798490624
645	NW_021837689.1	1369624	798752768
646	NW_021837690.1	16520	800325632
647	NW_021837691.1	16509	800587776
648	NW_021837692.1	16501	800849920
649	NW_021837693.1	16441	801112064
650	NW_021837694.1	16367	801374208
651	NW_021837695.1	16235	801636352
652	NW_021837696.1	16162	801898496
653	NW_021837697.1	16097	802160640
654	NW_021837698.1	16077	802422784
655	NW_021837699.1	16066	802684928
656	NW_021837700.1	1368549	802947072
657	NW_021837701.1	15767	804519936
658	NW_021837702.1	15656	804782080
659	NW_021837703.1	15629	805044224
660	NW_021837704.1	15581	805306368
661	NW_021837705.1	15497	805568512
662	NW_021837706.1	15376	805830656
663	NW_021837707.1	15356	806092800
664	NW_021837708.1	15277	806354944
665	NW_021837709.1	15249	806617088
666	NW_021837710.1	15195	806879232
667	NW_021837711.1	45635565	807141376
668	NW_021837712.1	1363049	853016576
669	NW_021837713.1	15180	854589440
670	NW_021837714.1	15016	854851584
671	NW_021837715.1	14986	855113728
672	NW_021837716.1	14881	855375872
673	NW_021837717.1	14852	855638016
674	NW_021837718.1	14775	855900160
675	NW_021837719.1	14756	856162304
676	NW_021837720.1	14754	856424448
677	NW_021837721.1	14742	856686592
678	NW_021837722.1	14666	856948736
679	NW_021837723.1	1349864	857210880
680	NW_021837724.1	14553	858783744
681	NW_021837725.1	14529	859045888
682	NW_021837726.1	14375	859308032
683	NW_021837727.1	14368	859570176
684	NW_021837728.1	14149	859832320
685	NW_021837729.1	13956	860094464
686	NW_021837730.1	13733	860356608
687	NW_021837731.1	13554	860618752
688	NW_021837732.1	13422	860880896
689	NW_021837733.1	13420	861143040
690	NW_021837734.1	1342764	861405184
691	NW_021837735.1	13379	862978048
692	NW_021837736.1	13344	863240192
693	NW_021837737.1	13317	863502336
694	NW_021837738.1	13314	863764480
695	NW_021837739.1	13249	864026624
696	NW_021837740.1	13243	864288768
697	NW_021837741.1	13213	864550912
698	NW_021837742.1	13207	864813056
699	NW_021837743.1	13086	865075200
700	NW_021837744.1	13068	865337344
701	NW_021837745.1	1323571	865599488
702	NW_021837746.1	12948	867172352
703	NW_021837747.1	12886	867434496
704	NW_021837748.1	12851	867696640
705	NW_021837749.1	12810	867958784
706	NW_021837750.1	12807	868220928
707	NW_021837751.1	12801	868483072
708	NW_021837752.1	12792	868745216
709	NW_021837753.1	12723	869007360
710	NW_021837754.1	12688	869269504
711	NW_021837755.1	12589	869531648
712	NW_021837756.1	1322955	869793792
713	NW_021837757.1	12485	871366656
714	NW_021837758.1	12484	871628800
715	NW_021837759.1	12484	871890944
716	NW_021837760.1	12288	872153088
717	NW_021837761.1	12123	872415232
718	NW_021837762.1	12121	872677376
719	NW_021837763.1	12071	872939520
720	NW_021837764.1	12041	873201664
721	NW_021837765.1	12003	873463808
722	NW_021837766.1	11958	873725952
723	NW_021837767.1	1322366	873988096
724	NW_021837768.1	11868	875560960
725	NW_021837769.1	11766	875823104
726	NW_021837770.1	11680	876085248
727	NW_021837771.1	11659	876347392
728	NW_021837772.1	11651	876609536
729	NW_021837773.1	11647	876871680
730	NW_021837774.1	11638	877133824
731	NW_021837775.1	11614	877395968
732	NW_021837776.1	11556	877658112
733	NW_021837777.1	11540	877920256
734	NW_021837778.1	1315341	878182400
735	NW_021837779.1	11507	879755264
736	NW_021837780.1	11464	880017408
737	NW_021837781.1	11448	880279552
738	NW_021837782.1	11426	880541696
739	NW_021837783.1	11237	880803840
740	NW_021837784.1	11203	881065984
741	NW_021837785.1	11124	881328128
742	NW_021837786.1	11103	881590272
743	NW_021837787.1	11000	881852416
744	NW_021837788.1	10959	882114560
745	NW_021837789.1	1312762	882376704
746	NW_021837790.1	10946	883949568
747	NW_021837791.1	10824	884211712
748	NW_021837792.1	10776	884473856
749	NW_021837793.1	10772	884736000
750	NW_021837794.1	10649	884998144
751	NW_021837795.1	10587	885260288
752	NW_021837796.1	10565	885522432
753	NW_021837797.1	10539	885784576
754	NW_021837798.1	10481	886046720
755	NW_021837799.1	10404	886308864
756	NW_021837800.1	1312793	886571008
757	NW_021837801.1	10399	888143872
758	NW_021837802.1	10369	888406016
759	NW_021837803.1	10308	888668160
760	NW_021837804.1	10184	888930304
761	NW_021837805.1	10170	889192448
762	NW_021837806.1	10125	889454592
763	NW_021837807.1	9996	889716736
764	NW_021837808.1	9895	889978880
765	NW_021837809.1	9674	890241024
766	NW_021837810.1	9557	890503168
767	NW_021837811.1	1299942	890765312
768	NW_021837812.1	9548	892076032
769	NW_021837813.1	9544	892338176
770	NW_021837814.1	9473	892600320
771	NW_021837815.1	9374	892862464
772	NW_021837816.1	9233	893124608
773	NW_021837817.1	9218	893386752
774	NW_021837818.1	9188	893648896
775	NW_021837819.1	9117	893911040
776	NW_021837820.1	9101	894173184
777	NW_021837821.1	8970	894435328
778	NW_021837822.1	39427437	894697472
779	NW_021837823.1	1287786	934281216
780	NW_021837824.1	8944	935591936
781	NW_021837825.1	8808	935854080
782	NW_021837826.1	8791	936116224
783	NW_021837827.1	8784	936378368
784	NW_021837828.1	8774	936640512
785	NW_021837829.1	8750	936902656
786	NW_021837830.1	8735	937164800
787	NW_021837831.1	8728	937426944
788	NW_021837832.1	8728	937689088
789	NW_021837833.1	8582	937951232
790	NW_021837834.1	1285482	938213376
791	NW_021837835.1	8437	939524096
792	NW_021837836.1	8424	939786240
793	NW_021837837.1	8360	940048384
794	NW_021837838.1	8338	940310528
795	NW_021837839.1	8310	940572672
796	NW_021837840.1	8307	940834816
797	NW_021837841.1	8305	941096960
798	NW_021837842.1	8286	941359104
799	NW_021837843.1	8138	941621248
800	NW_021837844.1	8136	941883392
801	NW_021837845.1	1267744	942145536
802	NW_021837846.1	8021	943456256
803	NW_021837847.1	7937	943718400
804	NW_021837848.1	7889	943980544
805	NW_021837849.1	7885	944242688
806	NW_021837850.1	7845	944504832
807	NW_021837851.1	7824	944766976
808	NW_021837852.1	7751	945029120
809	NW_021837853.1	7671	945291264
810	NW_021837854.1	7486	945553408
811	NW_021837855.1	7397	945815552
812	NW_021837856.1	1253892	946077696
813	NW_021837857.1	7369	947388416
814	NW_021837858.1	7241	947650560
815	NW_021837859.1	7215	947912704
816	NW_021837860.1	7075	948174848
817	NW_021837861.1	7043	948436992
818	NW_021837862.1	6989	948699136
819	NW_021837863.1	6930	948961280
820	NW_021837864.1	6892	949223424
821	NW_021837865.1	6876	949485568
822	NW_021837866.1	6775	949747712
823	NW_021837867.1	1253380	950009856
824	NW_021837868.1	6773	951320576
825	NW_021837869.1	6750	951582720
826	NW_021837870.1	6700	951844864
827	NW_021837871.1	6688	952107008
828	NW_021837872.1	6681	952369152
829	NW_021837873.1	6658	952631296
830	NW_021837874.1	6627	952893440
831	NW_021837875.1	6606	953155584
832	NW_021837876.1	6580	953417728
833	NW_021837877.1	6567	953679872
834	NW_021837878.1	1248203	953942016
835	NW_021837879.1	6514	955252736
836	NW_021837880.1	6509	955514880
837	NW_021837881.1	6471	955777024
838	NW_021837882.1	6468	956039168
839	NW_021837883.1	6324	956301312
840	NW_021837884.1	6316	956563456
841	NW_021837885.1	6227	956825600
842	NW_021837886.1	6206	957087744
843	NW_021837887.1	6204	957349888
844	NW_021837888.1	1244665	957612032
845	NW_021837889.1	6156	958922752
846	NW_021837890.1	6132	959184896
847	NW_021837891.1	6099	959447040
848	NW_021837892.1	6037	959709184
849	NW_021837893.1	6027	959971328
850	NW_021837894.1	6011	960233472
851	NW_021837895.1	5998	960495616
852	NW_021837896.1	5983	960757760
853	NW_021837897.1	5975	961019904
854	NW_021837898.1	1240034	961282048
855	NW_021837899.1	5963	962592768
856	NW_021837900.1	5961	962854912
857	NW_021837901.1	5919	963117056
858	NW_021837902.1	5850	963379200
859	NW_021837903.1	5822	963641344
860	NW_021837904.1	5813	963903488
861	NW_021837905.1	5793	964165632
862	NW_021837906.1	5790	964427776
863	NW_021837907.1	5689	964689920
864	NW_021837908.1	5677	964952064
865	NW_021837909.1	1236847	965214208
866	NW_021837910.1	5667	966524928
867	NW_021837911.1	5615	966787072
868	NW_021837912.1	5614	967049216
869	NW_021837913.1	5614	967311360
870	NW_021837914.1	5611	967573504
871	NW_021837915.1	5590	967835648
872	NW_021837916.1	5579	968097792
873	NW_021837917.1	5567	968359936
874	NW_021837918.1	5527	968622080
875	NW_021837919.1	5434	968884224
876	NW_021837920.1	1231205	969146368
877	NW_021837921.1	5394	970457088
878	NW_021837922.1	5366	970719232
879	NW_021837923.1	5351	970981376
880	NW_021837924.1	5305	971243520
881	NW_021837925.1	5297	971505664
882	NW_021837926.1	5274	971767808
883	NW_021837927.1	5245	972029952
884	NW_021837928.1	5155	972292096
885	NW_021837929.1	5154	972554240
886	NW_021837930.1	5136	972816384
887	NW_021837931.1	39279557	973078528
888	NW_021837932.1	1224481	1012400128
889	NW_021837933.1	5131	1013710848
890	NW_021837934.1	5091	1013972992
891	NW_021837935.1	5062	1014235136
892	NW_021837936.1	5054	1014497280
893	NW_021837937.1	5034	1014759424
894	NW_021837938.1	4945	1015021568
895	NW_021837939.1	4920	1015283712
896	NW_021837940.1	4917	1015545856
897	NW_021837941.1	4901	1015808000
898	NW_021837942.1	4878	1016070144
899	NW_021837943.1	1216534	1016332288
900	NW_021837944.1	4863	1017643008
901	NW_021837945.1	4838	1017905152
902	NW_021837946.1	4833	1018167296
903	NW_021837947.1	4817	1018429440
904	NW_021837948.1	4783	1018691584
905	NW_021837949.1	4782	1018953728
906	NW_021837950.1	4775	1019215872
907	NW_021837951.1	4741	1019478016
908	NW_021837952.1	4723	1019740160
909	NW_021837953.1	4720	1020002304
910	NW_021837954.1	1210207	1020264448
911	NW_021837955.1	4717	1021575168
912	NW_021837956.1	4662	1021837312
913	NW_021837957.1	4655	1022099456
914	NW_021837958.1	4645	1022361600
915	NW_021837959.1	4624	1022623744
916	NW_021837960.1	4618	1022885888
917	NW_021837961.1	4585	1023148032
918	NW_021837962.1	4584	1023410176
919	NW_021837963.1	4566	1023672320
920	NW_021837964.1	4561	1023934464
921	NW_021837965.1	1213071	1024196608
922	NW_021837966.1	4545	1025507328
923	NW_021837967.1	4513	1025769472
924	NW_021837968.1	4418	1026031616
925	NW_021837969.1	4409	1026293760
926	NW_021837970.1	4404	1026555904
927	NW_021837971.1	4402	1026818048
928	NW_021837972.1	4400	1027080192
929	NW_021837973.1	4360	1027342336
930	NW_021837974.1	4338	1027604480
931	NW_021837975.1	4312	1027866624
932	NW_021837976.1	1209002	1028128768
933	NW_021837977.1	4285	1029439488
934	NW_021837978.1	4285	1029701632
935	NW_021837979.1	4278	1029963776
936	NW_021837980.1	4272	1030225920
937	NW_021837981.1	4261	1030488064
938	NW_021837982.1	4237	1030750208
939	NW_021837983.1	4223	1031012352
940	NW_021837984.1	4142	1031274496
941	NW_021837985.1	4101	1031536640
942	NW_021837986.1	4086	1031798784
943	NW_021837987.1	1202831	1032060928
944	NW_021837988.1	4079	1033371648
945	NW_021837989.1	4070	1033633792
946	NW_021837990.1	4056	1033895936
947	NW_021837991.1	4042	1034158080
948	NW_021837992.1	4024	1034420224
949	NW_021837993.1	4008	1034682368
950	NW_021837994.1	3980	1034944512
951	NW_021837995.1	3978	1035206656
952	NW_021837996.1	3962	1035468800
953	NW_021837997.1	3956	1035730944
954	NW_021837998.1	1191390	1035993088
955	NW_021837999.1	3933	1037303808
956	NW_021838000.1	3917	1037565952
957	NW_021838001.1	3904	1037828096
958	NW_021838002.1	3883	1038090240
959	NW_021838003.1	3863	1038352384
960	NW_021838004.1	3821	1038614528
961	NW_021838005.1	3816	1038876672
962	NW_021838006.1	3805	1039138816
963	NW_021838007.1	3793	1039400960
964	NW_021838008.1	3749	1039663104
965	NW_021838009.1	1191711	1039925248
966	NW_021838010.1	3743	1041235968
967	NW_021838011.1	3738	1041498112
968	NW_021838012.1	3736	1041760256
969	NW_021838013.1	3720	1042022400
970	NW_021838014.1	3687	1042284544
971	NW_021838015.1	3649	1042546688
972	NW_021838016.1	3642	1042808832
973	NW_021838017.1	3638	1043070976
974	NW_021838018.1	3637	1043333120
975	NW_021838019.1	3636	1043595264
976	NW_021838020.1	1187167	1043857408
977	NW_021838021.1	3635	1045168128
978	NW_021838022.1	3621	1045430272
979	NW_021838023.1	3614	1045692416
980	NW_021838024.1	3567	1045954560
981	NW_021838025.1	3549	1046216704
982	NW_021838026.1	3546	1046478848
983	NW_021838027.1	3541	1046740992
984	NW_021838028.1	3540	1047003136
985	NW_021838029.1	3531	1047265280
986	NW_021838030.1	3520	1047527424
987	NW_021838031.1	1187607	1047789568
988	NW_021838032.1	3516	1049100288
989	NW_021838033.1	3497	1049362432
990	NW_021838034.1	3467	1049624576
991	NW_021838035.1	3459	1049886720
992	NW_021838036.1	3432	1050148864
993	NW_021838037.1	3415	1050411008
994	NW_021838038.1	3391	1050673152
995	NW_021838039.1	3378	1050935296
996	NW_021838040.1	3370	1051197440
997	NW_021838041.1	3350	1051459584
998	NW_021838042.1	27194535	1051721728
999	NW_021838043.1	1183375	1078984704
1000	NW_021838044.1	3350	1080295424
1001	NW_021838045.1	3334	1080557568
1002	NW_021838046.1	3278	1080819712
1003	NW_021838047.1	3272	1081081856
1004	NW_021838048.1	3270	1081344000
1005	NW_021838049.1	3257	1081606144
1006	NW_021838050.1	3252	1081868288
1007	NW_021838051.1	3202	1082130432
1008	NW_021838052.1	3189	1082392576
1009	NW_021838053.1	3178	1082654720
1010	NW_021838054.1	1182500	1082916864
1011	NW_021838055.1	3156	1084227584
1012	NW_021838056.1	3140	1084489728
1013	NW_021838057.1	3139	1084751872
1014	NW_021838058.1	3134	1085014016
1015	NW_021838059.1	3129	1085276160
1016	NW_021838060.1	3106	1085538304
1017	NW_021838061.1	3098	1085800448
1018	NW_021838062.1	3082	1086062592
1019	NW_021838063.1	3055	1086324736
1020	NW_021838064.1	3042	1086586880
1021	NW_021838065.1	1179815	1086849024
1022	NW_021838066.1	3027	1088159744
1023	NW_021838067.1	3010	1088421888
1024	NW_021838068.1	3007	1088684032
1025	NW_021838069.1	2989	1088946176
1026	NW_021838070.1	2987	1089208320
1027	NW_021838071.1	2977	1089470464
1028	NW_021838072.1	2967	1089732608
1029	NW_021838073.1	2961	1089994752
1030	NW_021838074.1	2943	1090256896
1031	NW_021838075.1	2903	1090519040
1032	NW_021838076.1	1176045	1090781184
1033	NW_021838077.1	2902	1092091904
1034	NW_021838078.1	2894	1092354048
1035	NW_021838079.1	2883	1092616192
1036	NW_021838080.1	2873	1092878336
1037	NW_021838081.1	2860	1093140480
1038	NW_021838082.1	2855	1093402624
1039	NW_021838083.1	2840	1093664768
1040	NW_021838084.1	2808	1093926912
1041	NW_021838085.1	2785	1094189056
1042	NW_021838086.1	2761	1094451200
1043	NW_021838087.1	1170766	1094713344
1044	NW_021838088.1	2761	1096024064
1045	NW_021838089.1	2746	1096286208
1046	NW_021838090.1	2734	1096548352
1047	NW_021838091.1	2733	1096810496
1048	NW_021838092.1	2727	1097072640
1049	NW_021838093.1	2719	1097334784
1050	NW_021838094.1	2687	1097596928
1051	NW_021838095.1	2681	1097859072
1052	NW_021838096.1	2655	1098121216
1053	NW_021838097.1	2643	1098383360
1054	NW_021838098.1	1167916	1098645504
1055	NW_021838099.1	2639	1099956224
1056	NW_021838100.1	2633	1100218368
1057	NW_021838101.1	2632	1100480512
1058	NW_021838102.1	2621	1100742656
1059	NW_021838103.1	2616	1101004800
1060	NW_021838104.1	2604	1101266944
1061	NW_021838105.1	2597	1101529088
1062	NW_021838106.1	2575	1101791232
1063	NW_021838107.1	2554	1102053376
1064	NW_021838108.1	2554	1102315520
1065	NW_021838109.1	1163120	1102577664
1066	NW_021838110.1	2544	1103888384
1067	NW_021838111.1	2515	1104150528
1068	NW_021838112.1	2515	1104412672
1069	NW_021838113.1	2514	1104674816
1070	NW_021838114.1	2507	1104936960
1071	NW_021838115.1	2465	1105199104
1072	NW_021838116.1	2453	1105461248
1073	NW_021838117.1	2413	1105723392
1074	NW_021838118.1	2412	1105985536
1075	NW_021838119.1	2407	1106247680
1076	NW_021838120.1	1159052	1106509824
1077	NW_021838121.1	2377	1107820544
1078	NW_021838122.1	2371	1108082688
1079	NW_021838123.1	2369	1108344832
1080	NW_021838124.1	2352	1108606976
1081	NW_021838125.1	2351	1108869120
1082	NW_021838126.1	2351	1109131264
1083	NW_021838127.1	2339	1109393408
1084	NW_021838128.1	2339	1109655552
1085	NW_021838129.1	2326	1109917696
1086	NW_021838130.1	2320	1110179840
1087	NW_021838131.1	1159797	1110441984
1088	NW_021838132.1	2296	1111752704
1089	NW_021838133.1	2288	1112014848
1090	NW_021838134.1	2281	1112276992
1091	NW_021838135.1	2271	1112539136
1092	NW_021838136.1	2260	1112801280
1093	NW_021838137.1	2243	1113063424
1094	NW_021838138.1	2242	1113325568
1095	NW_021838139.1	2238	1113587712
1096	NW_021838140.1	2227	1113849856
1097	NW_021838141.1	2223	1114112000
1098	NW_021838142.1	1153153	1114374144
1099	NW_021838143.1	2207	1115684864
1100	NW_021838144.1	2207	1115947008
1101	NW_021838145.1	2189	1116209152
1102	NW_021838146.1	2187	1116471296
1103	NW_021838147.1	2179	1116733440
1104	NW_021838148.1	2165	1116995584
1105	NW_021838149.1	2161	1117257728
1106	NW_021838150.1	2154	1117519872
1107	NW_021838151.1	2140	1117782016
1108	NW_021838152.1	2138	1118044160
1109	NW_021838153.1	168827982	1118306304
1110	NW_021838154.1	24405320	1287389184
1111	NW_021838155.1	1152550	1312030720
1112	NW_021838156.1	2136	1313341440
1113	NW_021838157.1	2125	1313603584
1114	NW_021838158.1	2109	1313865728
1115	NW_021838159.1	2106	1314127872
1116	NW_021838160.1	2104	1314390016
1117	NW_021838161.1	2104	1314652160
1118	NW_021838162.1	2096	1314914304
1119	NW_021838163.1	2095	1315176448
1120	NW_021838164.1	2088	1315438592
1121	NW_021838165.1	2085	1315700736
1122	NW_021838166.1	1146723	1315962880
1123	NW_021838167.1	2084	1317273600
1124	NW_021838168.1	2057	1317535744
1125	NW_021838169.1	2042	1317797888
1126	NW_021838170.1	2042	1318060032
1127	NW_021838171.1	2032	1318322176
1128	NW_021838172.1	2015	1318584320
1129	NW_021838173.1	2013	1318846464
1130	NW_021838174.1	2013	1319108608
1131	NW_021838175.1	2006	1319370752
1132	NW_021838176.1	1996	1319632896
1133	NW_021838177.1	1139484	1319895040
1134	NW_021838178.1	1991	1321205760
1135	NW_021838179.1	1988	1321467904
1136	NW_021838180.1	1984	1321730048
1137	NW_021838181.1	1983	1321992192
1138	NW_021838182.1	1979	1322254336
1139	NW_021838183.1	1138519	1322516480
1140	NW_021838184.1	1137997	1323827200
1141	NW_021838185.1	1966	1325137920
1142	NW_021838186.1	1965	1325400064
1143	NW_021838187.1	1964	1325662208
1144	NW_021838188.1	1127074	1325924352
1145	NW_021838189.1	1950	1327235072
1146	NW_021838190.1	1126790	1327497216
1147	NW_021838191.1	1948	1328807936
1148	NW_021838192.1	1947	1329070080
1149	NW_021838193.1	1944	1329332224
1150	NW_021838194.1	1942	1329594368
1151	NW_021838195.1	1940	1329856512
1152	NW_021838196.1	1939	1330118656
1153	NW_021838197.1	1934	1330380800
1154	NW_021838198.1	1930	1330642944
1155	NW_021838199.1	1928	1330905088
1156	NW_021838200.1	1123104	1331167232
1157	NW_021838201.1	1911	1332477952
1158	NW_021838202.1	1897	1332740096
1159	NW_021838203.1	1873	1333002240
1160	NW_021838204.1	1868	1333264384
1161	NW_021838205.1	1867	1333526528
1162	NW_021838206.1	1854	1333788672
1163	NW_021838207.1	1850	1334050816
1164	NW_021838208.1	1825	1334312960
1165	NW_021838209.1	1809	1334575104
1166	NW_021838210.1	1809	1334837248
1167	NW_021838211.1	1116822	1335099392
1168	NW_021838212.1	1807	1336410112
1169	NW_021838213.1	1793	1336672256
1170	NW_021838214.1	1787	1336934400
1171	NW_021838215.1	1786	1337196544
1172	NW_021838216.1	1786	1337458688
1173	NW_021838217.1	1780	1337720832
1174	NW_021838218.1	1779	1337982976
1175	NW_021838219.1	1761	1338245120
1176	NW_021838220.1	1755	1338507264
1177	NW_021838221.1	1745	1338769408
1178	NW_021838222.1	1115678	1339031552
1179	NW_021838223.1	1745	1340342272
1180	NW_021838224.1	1741	1340604416
1181	NW_021838225.1	1738	1340866560
1182	NW_021838226.1	1732	1341128704
1183	NW_021838227.1	1722	1341390848
1184	NW_021838228.1	1720	1341652992
1185	NW_021838229.1	1689	1341915136
1186	NW_021838230.1	1689	1342177280
1187	NW_021838231.1	1685	1342439424
1188	NW_021838232.1	1681	1342701568
1189	NW_021838233.1	21999845	1342963712
1190	NW_021838234.1	1111874	1364983808
1191	NW_021838235.1	1671	1366294528
1192	NW_021838236.1	1664	1366556672
1193	NW_021838237.1	1657	1366818816
1194	NW_021838238.1	1653	1367080960
1195	NW_021838239.1	1651	1367343104
1196	NW_021838240.1	1649	1367605248
1197	NW_021838241.1	1644	1367867392
1198	NW_021838242.1	1634	1368129536
1199	NW_021838243.1	1632	1368391680
1200	NW_021838244.1	1622	1368653824
1201	NW_021838245.1	1092593	1368915968
1202	NW_021838246.1	1622	1370226688
1203	NW_021838247.1	1621	1370488832
1204	NW_021838248.1	1617	1370750976
1205	NW_021838249.1	1617	1371013120
1206	NW_021838250.1	1607	1371275264
1207	NW_021838251.1	1599	1371537408
1208	NW_021838252.1	1597	1371799552
1209	NW_021838253.1	1594	1372061696
1210	NW_021838254.1	1585	1372323840
1211	NW_021838255.1	1578	1372585984
1212	NW_021838256.1	1089296	1372848128
1213	NW_021838257.1	1574	1374158848
1214	NW_021838258.1	1573	1374420992
1215	NW_021838259.1	1571	1374683136
1216	NW_021838260.1	1559	1374945280
1217	NW_021838261.1	1556	1375207424
1218	NW_021838262.1	1555	1375469568
1219	NW_021838263.1	1554	1375731712
1220	NW_021838264.1	1545	1375993856
1221	NW_021838265.1	1543	1376256000
1222	NW_021838266.1	1533	1376518144
1223	NW_021838267.1	1088657	1376780288
1224	NW_021838268.1	1524	1378091008
1225	NW_021838269.1	1517	1378353152
1226	NW_021838270.1	1514	1378615296
1227	NW_021838271.1	1514	1378877440
1228	NW_021838272.1	1513	1379139584
1229	NW_021838273.1	1497	1379401728
1230	NW_021838274.1	1490	1379663872
1231	NW_021838275.1	1474	1379926016
1232	NW_021838276.1	1472	1380188160
1233	NW_021838277.1	1461	1380450304
1234	NW_021838278.1	1085561	1380712448
1235	NW_021838279.1	1405	1382023168
1236	NW_021838280.1	1404	1382285312
1237	NW_021838281.1	1389	1382547456
1238	NW_021838282.1	1382	1382809600
1239	NW_021838283.1	1382	1383071744
1240	NW_021838284.1	1381	1383333888
1241	NW_021838285.1	1376	1383596032
1242	NW_021838286.1	1368	1383858176
1243	NW_021838287.1	1364	1384120320
1244	NW_021838288.1	1363	1384382464
1245	NW_021838289.1	1084947	1384644608
1246	NW_021838290.1	1359	1385955328
1247	NW_021838291.1	1317	1386217472
1248	NW_021838292.1	1313	1386479616
1249	NW_021838293.1	1306	1386741760
1250	NW_021838294.1	1304	1387003904
1251	NW_021838295.1	1303	1387266048
1252	NW_021838296.1	1302	1387528192
1253	NW_021838297.1	1288	1387790336
1254	NW_021838298.1	1288	1388052480
1255	NW_021838299.1	1287	1388314624
1256	NW_021838300.1	1083069	1388576768
1257	NW_021838301.1	1278	1389887488
1258	NW_021838302.1	1272	1390149632
1259	NW_021838303.1	1269	1390411776
1260	NW_021838304.1	1269	1390673920
1261	NW_021838305.1	1266	1390936064
1262	NW_021838306.1	1263	1391198208
1263	NW_021838307.1	1254	1391460352
1264	NW_021838308.1	1246	1391722496
1265	NW_021838309.1	1242	1391984640
1266	NW_021838310.1	1082989	1392246784
1267	NW_021838311.1	1235	1393557504
1268	NW_021838312.1	1235	1393819648
1269	NW_021838313.1	1215	1394081792
1270	NW_021838314.1	1215	1394343936
1271	NW_021838315.1	1215	1394606080
1272	NW_021838316.1	1213	1394868224
1273	NW_021838317.1	1207	1395130368
1274	NW_021838318.1	1206	1395392512
1275	NW_021838319.1	1205	1395654656
1276	NW_021838320.1	1203	1395916800
1277	NW_021838321.1	1078175	1396178944
1278	NW_021838322.1	1202	1397489664
1279	NW_021838323.1	1201	1397751808
1280	NW_021838324.1	1197	1398013952
1281	NW_021838325.1	1189	1398276096
1282	NW_021838326.1	1188	1398538240
1283	NW_021838327.1	1187	1398800384
1284	NW_021838328.1	1181	1399062528
1285	NW_021838329.1	1179	1399324672
1286	NW_021838330.1	1175	1399586816
1287	NW_021838331.1	1174	1399848960
1288	NW_021838332.1	1077110	1400111104
1289	NW_021838333.1	1172	1401421824
1290	NW_021838334.1	1168	1401683968
1291	NW_021838335.1	1164	1401946112
1292	NW_021838336.1	1160	1402208256
1293	NW_021838337.1	1148	1402470400
1294	NW_021838338.1	1145	1402732544
1295	NW_021838339.1	1127	1402994688
1296	NW_021838340.1	1123	1403256832
1297	NW_021838341.1	1122	1403518976
1298	NW_021838342.1	1118	1403781120
1299	NW_021838343.1	21387314	1404043264
1300	NW_021838344.1	1077931	1425539072
1301	NW_021838345.1	1110	1426849792
1302	NW_021838346.1	1106	1427111936
1303	NW_021838347.1	1104	1427374080
1304	NW_021838348.1	1100	1427636224
1305	NW_021838349.1	1099	1427898368
1306	NW_021838350.1	1098	1428160512
1307	NW_021838351.1	1096	1428422656
1308	NW_021838352.1	1096	1428684800
1309	NW_021838353.1	1087	1428946944
1310	NW_021838354.1	1086	1429209088
1311	NW_021838355.1	1073990	1429471232
1312	NW_021838356.1	1080	1430781952
1313	NW_021838357.1	1079	1431044096
1314	NW_021838358.1	1075	1431306240
1315	NW_021838359.1	1072	1431568384
1316	NW_021838360.1	1065	1431830528
1317	NW_021838361.1	1064	1432092672
1318	NW_021838362.1	1063	1432354816
1319	NW_021838363.1	1060	1432616960
1320	NW_021838364.1	1057	1432879104
1321	NW_021838365.1	1056	1433141248
1322	NW_021838366.1	1070709	1433403392
1323	NW_021838367.1	1052	1434714112
1324	NW_021838368.1	1038	1434976256
1325	NW_021838369.1	1032	1435238400
1326	NW_021838370.1	1032	1435500544
1327	NW_021838371.1	1028	1435762688
1328	NW_021838372.1	1022	1436024832
1329	NW_021838373.1	1021	1436286976
1330	NW_021838374.1	1019	1436549120
1331	NW_021838375.1	1018	1436811264
1332	NW_021838376.1	1018	1437073408
1333	NW_021838377.1	1067466	1437335552
1334	NW_021838378.1	1016	1438646272
1335	NW_021838379.1	1016	1438908416
1336	NW_021838380.1	1004	1439170560
1337	NW_021838381.1	1001	1439432704
1338	NW_021838382.1	1065716	1439694848
1339	NW_021838383.1	1061226	1441005568
1340	NW_021838384.1	1057089	1442316288
1341	NW_021838385.1	1051770	1443627008
1342	NW_021838386.1	1051901	1444937728
1343	NW_021838387.1	1021715	1446248448
1344	NW_021838388.1	15820435	1447297024
1345	NW_021838389.1	1019573	1463287808
1346	NW_021838390.1	1005983	1464336384
1347	NW_021838391.1	1003331	1465384960
1348	NW_021838392.1	1000206	1466433536
1349	NW_021838393.1	998858	1467482112
1350	NW_021838394.1	994282	1468530688
1351	NW_021838395.1	990971	1469579264
1352	NW_021838396.1	982827	1470627840
1353	NW_021838397.1	983084	1471676416
1354	NW_021838398.1	979548	1472724992
1355	NW_021838399.1	14680195	1473773568
1356	NW_021838400.1	977246	1488715776
1357	NW_021838401.1	975399	1489764352
1358	NW_021838402.1	974051	1490812928
1359	NW_021838403.1	971853	1491861504
1360	NW_021838404.1	966897	1492910080
1361	NW_021838405.1	964598	1493958656
1362	NW_021838406.1	954364	1495007232
1363	NW_021838407.1	955434	1496055808
1364	NW_021838408.1	945490	1497104384
1365	NW_021838409.1	939172	1498152960
1366	NW_021838410.1	12700773	1499201536
1367	NW_021838411.1	938709	1512046592
1368	NW_021838412.1	936231	1513095168
1369	NW_021838413.1	934800	1514143744
1370	NW_021838414.1	929226	1515192320
1371	NW_021838415.1	928141	1516240896
1372	NW_021838416.1	927536	1517289472
1373	NW_021838417.1	927750	1518338048
1374	NW_021838418.1	925108	1519386624
1375	NW_021838419.1	922730	1520435200
1376	NW_021838420.1	917166	1521483776
1377	NW_021838421.1	11967382	1522532352
1378	NW_021838422.1	915748	1534590976
1379	NW_021838423.1	916555	1535639552
1380	NW_021838424.1	914382	1536688128
1381	NW_021838425.1	902532	1537736704
1382	NW_021838426.1	900927	1538785280
1383	NW_021838427.1	900788	1539833856
1384	NW_021838428.1	886339	1540882432
1385	NW_021838429.1	882250	1541931008
1386	NW_021838430.1	882460	1542979584
1387	NW_021838431.1	881648	1544028160
1388	NW_021838432.1	11907018	1545076736
1389	NW_021838433.1	875707	1557135360
1390	NW_021838434.1	869027	1558183936
1391	NW_021838435.1	860346	1559232512
1392	NW_021838436.1	854018	1560281088
1393	NW_021838437.1	854664	1561329664
1394	NW_021838438.1	844236	1562378240
1395	NW_021838439.1	840721	1563426816
1396	NW_021838440.1	836291	1564475392
1397	NW_021838441.1	831581	1565523968
1398	NW_021838442.1	827275	1566572544
1399	NW_021838443.1	10504575	1567621120
1400	NW_021838444.1	825247	1578369024
1401	NW_021838445.1	817787	1579417600
1402	NW_021838446.1	819455	1580466176
1403	NW_021838447.1	816227	1581514752
1404	NW_021838448.1	815711	1582563328
1405	NW_021838449.1	817204	1583611904
1406	NW_021838450.1	816509	1584660480
1407	NW_021838451.1	814123	1585709056
1408	NW_021838452.1	809568	1586757632
1409	NW_021838453.1	807397	1587806208
1410	NW_021838454.1	10455035	1588854784
1411	NW_021838455.1	807198	1599340544
1412	NW_021838456.1	804226	1600389120
1413	NW_021838457.1	803733	1601437696
1414	NW_021838458.1	800098	1602486272
1415	NW_021838459.1	795393	1603534848
1416	NW_021838460.1	793350	1604583424
1417	NW_021838461.1	793494	1605632000
1418	NW_021838462.1	789081	1606680576
1419	NW_021838463.1	782074	1607729152
1420	NW_021838464.1	776494	1608515584
1421	NW_021838465.1	135305655	1609302016
1422	NW_021838466.1	10003331	1744830464
1423	NW_021838467.1	768906	1755054080
1424	NW_021838468.1	767014	1755840512
1425	NW_021838469.1	767081	1756626944
1426	NW_021838470.1	764672	1757413376
1427	NW_021838471.1	761510	1758199808
1428	NW_021838472.1	751096	1758986240
1429	NW_021838473.1	747078	1759772672
1430	NW_021838474.1	744005	1760559104
1431	NW_021838475.1	742252	1761345536
1432	NW_021838476.1	737140	1762131968
1433	NW_021838477.1	8923808	1762918400
1434	NW_021838478.1	738335	1772093440
1435	NW_021838479.1	732736	1772879872
1436	NW_021838480.1	734117	1773666304
1437	NW_021838481.1	728496	1774452736
1438	NW_021838482.1	728433	1775239168
1439	NW_021838483.1	730058	1776025600
1440	NW_021838484.1	726377	1776812032
1441	NW_021838485.1	725600	1777598464
1442	NW_021838486.1	723266	1778384896
1443	NW_021838487.1	721359	1779171328
1444	NW_021838488.1	8738692	1779957760
1445	NW_021838489.1	718875	1788870656
1446	NW_021838490.1	714418	1789657088
1447	NW_021838491.1	714730	1790443520
1448	NW_021838492.1	714376	1791229952
1449	NW_021838493.1	708205	1792016384
1450	NW_021838494.1	708449	1792802816
1451	NW_021838495.1	700854	1793589248
1452	NW_021838496.1	698142	1794375680
1453	NW_021838497.1	698639	1795162112
1454	NW_021838498.1	695534	1795948544
1455	NW_021838499.1	8696722	1796734976
1456	NW_021838500.1	692992	1805647872
1457	NW_021838501.1	691859	1806434304
1458	NW_021838502.1	690572	1807220736
1459	NW_021838503.1	689659	1808007168
1460	NW_021838504.1	686756	1808793600
1461	NW_021838505.1	686900	1809580032
1462	NW_021838506.1	686048	1810366464
1463	NW_021838507.1	682876	1811152896
1464	NW_021838508.1	675827	1811939328
1465	NW_021838509.1	673678	1812725760
1466	NW_021838510.1	8296403	1813512192
1467	NW_021838511.1	673415	1821900800
1468	NW_021838512.1	671244	1822687232
1469	NW_021838513.1	664734	1823473664
1470	NW_021838514.1	659327	1824260096
1471	NW_021838515.1	659533	1825046528
1472	NW_021838516.1	655461	1825832960
1473	NW_021838517.1	656843	1826619392
1474	NW_021838518.1	653706	1827405824
1475	NW_021838519.1	652194	1828192256
1476	NW_021838520.1	652402	1828978688
1477	NW_021838521.1	8124246	1829765120
1478	NW_021838522.1	650231	1837891584
1479	NW_021838523.1	647100	1838678016
1480	NW_021838524.1	648165	1839464448
1481	NW_021838525.1	644660	1840250880
1482	NW_021838526.1	645172	1841037312
1483	NW_021838527.1	643924	1841823744
1484	NW_021838528.1	641180	1842610176
1485	NW_021838529.1	640381	1843396608
1486	NW_021838530.1	639114	1844183040
1487	NW_021838531.1	633408	1844969472
1488	NW_021838532.1	7801424	1845755904
1489	NW_021838533.1	630139	1853620224
1490	NW_021838534.1	629012	1854406656
1491	NW_021838535.1	623867	1855193088
1492	NW_021838536.1	620140	1855979520
1493	NW_021838537.1	618807	1856765952
1494	NW_021838538.1	615504	1857552384
1495	NW_021838539.1	613148	1858338816
1496	NW_021838540.1	613357	1859125248
1497	NW_021838541.1	613451	1859911680
1498	NW_021838542.1	610190	1860698112
1499	NW_021838543.1	7739647	1861484544
1500	NW_021838544.1	609970	1869348864
1501	NW_021838545.1	608260	1870135296
1502	NW_021838546.1	607923	1870921728
1503	NW_021838547.1	603938	1871708160
1504	NW_021838548.1	602845	1872494592
1505	NW_021838549.1	602598	1873281024
1506	NW_021838550.1	601270	1874067456
1507	NW_021838551.1	597877	1874853888
1508	NW_021838552.1	594586	1875640320
1509	NW_021838553.1	595556	1876426752
1510	NW_021838554.1	7645035	1877213184
1511	NW_021838555.1	593871	1885077504
1512	NW_021838556.1	593441	1885863936
1513	NW_021838557.1	591089	1886650368
1514	NW_021838558.1	589640	1887436800
1515	NW_021838559.1	588338	1888223232
1516	NW_021838560.1	586802	1889009664
1517	NW_021838561.1	587110	1889796096
1518	NW_021838562.1	587003	1890582528
1519	NW_021838563.1	583160	1891368960
1520	NW_021838564.1	581105	1892155392
1521	NW_021838565.1	7506809	1892941824
1522	NW_021838566.1	579270	1900544000
1523	NW_021838567.1	575427	1901330432
1524	NW_021838568.1	573906	1902116864
1525	NW_021838569.1	563188	1902903296
1526	NW_021838570.1	562686	1903689728
1527	NW_021838571.1	556675	1904476160
1528	NW_021838572.1	556856	1905262592
1529	NW_021838573.1	557701	1906049024
1530	NW_021838574.1	555080	1906835456
1531	NW_021838575.1	554494	1907621888
1532	NW_021838576.1	122869687	1908408320
1533	NW_021838577.1	7114296	2031353856
1534	NW_021838578.1	551916	2038693888
1535	NW_021838579.1	548649	2039480320
1536	NW_021838580.1	546471	2040266752
1537	NW_021838581.1	545012	2041053184
1538	NW_021838582.1	543771	2041839616
1539	NW_021838583.1	541817	2042626048
1540	NW_021838584.1	541707	2043412480
1541	NW_021838585.1	539777	2044198912
1542	NW_021838586.1	538396	2044985344
1543	NW_021838587.1	534266	2045771776
1544	NW_021838588.1	7078098	2046558208
1545	NW_021838589.1	533653	2053898240
1546	NW_021838590.1	530006	2054684672
1547	NW_021838591.1	528892	2055471104
1548	NW_021838592.1	528677	2056257536
1549	NW_021838593.1	526005	2057043968
1550	NW_021838594.1	524516	2057830400
1551	NW_021838595.1	521866	2058616832
1552	NW_021838596.1	519311	2059141120
1553	NW_021838597.1	518828	2059665408
1554	NW_021838598.1	517063	2060189696
1555	NW_021838599.1	6377459	2060713984
1556	NW_021838600.1	516467	2067267584
1557	NW_021838601.1	516263	2067791872
1558	NW_021838602.1	514716	2068316160
1559	NW_021838603.1	511073	2068840448
1560	NW_021838604.1	510307	2069364736
1561	NW_021838605.1	507909	2069889024
1562	NW_021838606.1	507638	2070413312
1563	NW_021838607.1	507746	2070937600
1564	NW_021838608.1	508242	2071461888
1565	NW_021838609.1	505825	2071986176
1566	NW_021838610.1	6209708	2072510464
1567	NW_021838611.1	505604	2078801920
1568	NW_021838612.1	506860	2079326208
1569	NW_021838613.1	503968	2079850496
1570	NW_021838614.1	502213	2080374784
1571	NW_021838615.1	501374	2080899072
1572	NW_021838616.1	501967	2081423360
1573	NW_021838617.1	500957	2081947648
1574	NW_021838618.1	499327	2082471936
1575	NW_021838619.1	498540	2082996224
1576	NW_021838620.1	497276	2083520512
1577	NW_021838621.1	6075262	2084044800
1578	NW_021838622.1	493831	2090336256
1579	NW_021838623.1	493138	2090860544
1580	NW_021838624.1	493269	2091384832
1581	NW_021838625.1	490477	2091909120
1582	NW_021838626.1	490856	2092433408
1583	NW_021838627.1	491774	2092957696
1584	NW_021838628.1	489490	2093481984
1585	NW_021838629.1	488027	2094006272
1586	NW_021838630.1	484883	2094530560
1587	NW_021838631.1	483858	2095054848
1588	NW_021838632.1	6042954	2095579136
1589	NW_021838633.1	482814	2101870592
1590	NW_021838634.1	482339	2102394880
1591	NW_021838635.1	480377	2102919168
1592	NW_021838636.1	477405	2103443456
1593	NW_021838637.1	477162	2103967744
1594	NW_021838638.1	477697	2104492032
1595	NW_021838639.1	475480	2105016320
1596	NW_021838640.1	474964	2105540608
1597	NW_021838641.1	472587	2106064896
1598	NW_021838642.1	473478	2106589184
1599	NW_021838643.1	6008651	2107113472
1600	NW_021838644.1	472423	2113142784
1601	NW_021838645.1	471503	2113667072
1602	NW_021838646.1	469612	2114191360
1603	NW_021838647.1	470354	2114715648
1604	NW_021838648.1	463597	2115239936
1605	NW_021838649.1	461716	2115764224
1606	NW_021838650.1	456761	2116288512
1607	NW_021838651.1	456224	2116812800
1608	NW_021838652.1	453942	2117337088
1609	NW_021838653.1	452745	2117861376
1610	NW_021838654.1	5997344	2118385664
1611	NW_021838655.1	452609	2124414976
1612	NW_021838656.1	452293	2124939264
1613	NW_021838657.1	452258	2125463552
1614	NW_021838658.1	452937	2125987840
1615	NW_021838659.1	451375	2126512128
1616	NW_021838660.1	450754	2127036416
1617	NW_021838661.1	449683	2127560704
1618	NW_021838662.1	449330	2128084992
1619	NW_021838663.1	448915	2128609280
1620	NW_021838664.1	447785	2129133568
1621	NW_021838665.1	5928163	2129657856
1622	NW_021838666.1	447090	2135687168
1623	NW_021838667.1	447505	2136211456
1624	NW_021838668.1	446281	2136735744
1625	NW_021838669.1	446015	2137260032
1626	NW_021838670.1	443491	2137784320
1627	NW_021838671.1	442123	2138308608
1628	NW_021838672.1	439064	2138832896
1629	NW_021838673.1	437192	2139357184
1630	NW_021838674.1	435619	2139881472
1631	NW_021838675.1	432805	2140405760
1632	NW_021838676.1	5616786	2140930048
1633	NW_021838677.1	433573	2146697216
1634	NW_021838678.1	431758	2147221504
1635	NW_021838679.1	429071	2147745792
1636	NW_021838680.1	427595	2148270080
1637	NW_021838681.1	427620	2148794368
1638	NW_021838682.1	421856	2149318656
1639	NW_021838683.1	420926	2149842944
1640	NW_021838684.1	419345	2150367232
1641	NW_021838685.1	417697	2150891520
1642	NW_021838686.1	417746	2151415808
1643	NW_021838687.1	99254364	2151940096
1644	NW_021838688.1	5603677	2251292672
1645	NW_021838689.1	416108	2257059840
1646	NW_021838690.1	412371	2257584128
1647	NW_021838691.1	410123	2258108416
1648	NW_021838692.1	409957	2258632704
1649	NW_021838693.1	409728	2259156992
1650	NW_021838694.1	405444	2259681280
1651	NW_021838695.1	405574	2260205568
1652	NW_021838696.1	404879	2260729856
1653	NW_021838697.1	404183	2261254144
1654	NW_021838698.1	404170	2261778432
1655	NW_021838699.1	5568893	2262302720
1656	NW_021838700.1	402706	2268069888
1657	NW_021838701.1	400627	2268594176
1658	NW_021838702.1	399503	2269118464
1659	NW_021838703.1	400046	2269642752
1660	NW_021838704.1	398745	2270167040
1661	NW_021838705.1	396885	2270691328
1662	NW_021838706.1	395783	2271215616
1663	NW_021838707.1	393691	2271739904
1664	NW_021838708.1	392937	2272264192
1665	NW_021838709.1	391463	2272788480
1666	NW_021838710.1	5428130	2273312768
1667	NW_021838711.1	390481	2278817792
1668	NW_021838712.1	388644	2279342080
1669	NW_021838713.1	382176	2279866368
1670	NW_021838714.1	381318	2280390656
1671	NW_021838715.1	381137	2280914944
1672	NW_021838716.1	381086	2281439232
1673	NW_021838717.1	380320	2281963520
1674	NW_021838718.1	380501	2282487808
1675	NW_021838719.1	379046	2283012096
1676	NW_021838720.1	378439	2283536384
1677	NW_021838721.1	4868804	2284060672
1678	NW_021838722.1	376400	2289041408
1679	NW_021838723.1	375278	2289565696
1680	NW_021838724.1	372614	2290089984
1681	NW_021838725.1	373018	2290614272
1682	NW_021838726.1	372466	2291138560
1683	NW_021838727.1	370684	2291662848
1684	NW_021838728.1	370005	2292187136
1685	NW_021838729.1	366540	2292711424
1686	NW_021838730.1	360583	2293235712
1687	NW_021838731.1	360029	2293760000
1688	NW_021838732.1	4850854	2294284288
1689	NW_021838733.1	360157	2299265024
1690	NW_021838734.1	356509	2299789312
1691	NW_021838735.1	357513	2300313600
1692	NW_021838736.1	355276	2300837888
1693	NW_021838737.1	354290	2301362176
1694	NW_021838738.1	353403	2301886464
1695	NW_021838739.1	353127	2302410752
1696	NW_021838740.1	352459	2302935040
1697	NW_021838741.1	352682	2303459328
1698	NW_021838742.1	350297	2303983616
1699	NW_021838743.1	4826477	2304507904
1700	NW_021838744.1	346630	2309488640
1701	NW_021838745.1	346529	2310012928
1702	NW_021838746.1	346688	2310537216
1703	NW_021838747.1	345167	2311061504
1704	NW_021838748.1	344894	2311585792
1705	NW_021838749.1	344199	2312110080
1706	NW_021838750.1	344553	2312634368
1707	NW_021838751.1	344992	2313158656
1708	NW_021838752.1	344206	2313682944
1709	NW_021838753.1	340757	2314207232
1710	NW_021838754.1	4637188	2314731520
1711	NW_021838755.1	340376	2319450112
1712	NW_021838756.1	339244	2319974400
1713	NW_021838757.1	339336	2320498688
1714	NW_021838758.1	335984	2321022976
1715	NW_021838759.1	335613	2321547264
1716	NW_021838760.1	335323	2322071552
1717	NW_021838761.1	334065	2322595840
1718	NW_021838762.1	333265	2323120128
1719	NW_021838763.1	333734	2323644416
1720	NW_021838764.1	332214	2324168704
1721	NW_021838765.1	4606087	2324692992
1722	NW_021838766.1	332167	2329411584
1723	NW_021838767.1	332033	2329935872
1724	NW_021838768.1	331325	2330460160
1725	NW_021838769.1	331122	2330984448
1726	NW_021838770.1	331525	2331508736
1727	NW_021838771.1	329496	2332033024
1728	NW_021838772.1	328798	2332557312
1729	NW_021838773.1	328562	2333081600
1730	NW_021838774.1	328306	2333605888
1731	NW_021838775.1	326696	2334130176
1732	NW_021838776.1	4348337	2334654464
1733	NW_021838777.1	326282	2339110912
1734	NW_021838778.1	325369	2339635200
1735	NW_021838779.1	325178	2340159488
1736	NW_021838780.1	324960	2340683776
1737	NW_021838781.1	322519	2341208064
1738	NW_021838782.1	321042	2341732352
1739	NW_021838783.1	321115	2342256640
1740	NW_021838784.1	319472	2342780928
1741	NW_021838785.1	319686	2343305216
1742	NW_021838786.1	318965	2343829504
1743	NW_021838787.1	4227317	2344353792
1744	NW_021838788.1	318446	2348810240
1745	NW_021838789.1	318606	2349334528
1746	NW_021838790.1	316511	2349858816
1747	NW_021838791.1	314232	2350383104
1748	NW_021838792.1	312666	2350907392
1749	NW_021838793.1	312636	2351431680
1750	NW_021838794.1	312595	2351955968
1751	NW_021838795.1	311262	2352480256
1752	NW_021838796.1	310511	2353004544
1753	NW_021838797.1	309041	2353528832
1754	NW_021838798.1	95072813	2354053120
1755	NW_021838799.1	4200746	2449211392
1756	NW_021838800.1	307996	2453667840
1757	NW_021838801.1	307245	2454192128
1758	NW_021838802.1	305371	2454716416
1759	NW_021838803.1	304642	2455240704
1760	NW_021838804.1	304690	2455764992
1761	NW_021838805.1	304636	2456289280
1762	NW_021838806.1	303023	2456813568
1763	NW_021838807.1	303911	2457337856
1764	NW_021838808.1	302410	2457862144
1765	NW_021838809.1	301812	2458386432
1766	NW_021838810.1	4174402	2458910720
1767	NW_021838811.1	302051	2463105024
1768	NW_021838812.1	299945	2463629312
1769	NW_021838813.1	300370	2464153600
1770	NW_021838814.1	300333	2464677888
1771	NW_021838815.1	300426	2465202176
1772	NW_021838816.1	299239	2465726464
1773	NW_021838817.1	298080	2466250752
1774	NW_021838818.1	297631	2466775040
1775	NW_021838819.1	297398	2467299328
1776	NW_021838820.1	297269	2467823616
1777	NW_021838821.1	4146873	2468347904
1778	NW_021838822.1	295428	2472542208
1779	NW_021838823.1	293604	2473066496
1780	NW_021838824.1	293925	2473590784
1781	NW_021838825.1	292416	2474115072
1782	NW_021838826.1	292895	2474639360
1783	NW_021838827.1	293008	2475163648
1784	NW_021838828.1	292173	2475687936
1785	NW_021838829.1	292359	2476212224
1786	NW_021838830.1	290122	2476736512
1787	NW_021838831.1	289206	2477260800
1788	NW_021838832.1	3930166	2477785088
1789	NW_021838833.1	288524	2481717248
1790	NW_021838834.1	287761	2482241536
1791	NW_021838835.1	286842	2482765824
1792	NW_021838836.1	284463	2483290112
1793	NW_021838837.1	283898	2483814400
1794	NW_021838838.1	283176	2484338688
1795	NW_021838839.1	282016	2484862976
1796	NW_021838840.1	281787	2485387264
1797	NW_021838841.1	282129	2485911552
1798	NW_021838842.1	280482	2486435840
1799	NW_021838843.1	3577923	2486960128
1800	NW_021838844.1	279233	2490630144
1801	NW_021838845.1	279720	2491154432
1802	NW_021838846.1	277646	2491678720
1803	NW_021838847.1	276631	2492203008
1804	NW_021838848.1	277455	2492727296
1805	NW_021838849.1	276010	2493251584
1806	NW_021838850.1	276987	2493775872
1807	NW_021838851.1	276698	2494300160
1808	NW_021838852.1	275090	2494824448
1809	NW_021838853.1	274339	2495348736
1810	NW_021838854.1	3477067	2495873024
1811	NW_021838855.1	273303	2499543040
1812	NW_021838856.1	272965	2500067328
1813	NW_021838857.1	272897	2500591616
1814	NW_021838858.1	272646	2501115904
1815	NW_021838859.1	272900	2501640192
1816	NW_021838860.1	272771	2502164480
1817	NW_021838861.1	272208	2502688768
1818	NW_021838862.1	272325	2503213056
1819	NW_021838863.1	271682	2503737344
1820	NW_021838864.1	271866	2504261632
1821	NW_021838865.1	3339550	2504785920
1822	NW_021838866.1	271941	2508193792
1823	NW_021838867.1	271152	2508718080
1824	NW_021838868.1	269949	2509242368
1825	NW_021838869.1	269948	2509766656
1826	NW_021838870.1	269938	2510290944
1827	NW_021838871.1	269781	2510815232
1828	NW_021838872.1	269088	2511339520
1829	NW_021838873.1	268719	2511863808
1830	NW_021838874.1	268216	2512388096
1831	NW_021838875.1	268192	2512912384
1832	NW_021838876.1	3227163	2513436672
1833	NW_021838877.1	266796	2516844544
1834	NW_021838878.1	266716	2517368832
1835	NW_021838879.1	266893	2517893120
1836	NW_021838880.1	266895	2518417408
1837	NW_021838881.1	264981	2518941696
1838	NW_021838882.1	264257	2519465984
1839	NW_021838883.1	264984	2519990272
1840	NW_021838884.1	264034	2520514560
1841	NW_021838885.1	263987	2521038848
1842	NW_021838886.1	261629	2521563136
1843	NW_021838887.1	3221218	2521825280
1844	NW_021838888.1	261301	2525233152
1845	NW_021838889.1	260224	2525495296
1846	NW_021838890.1	260048	2525757440
1847	NW_021838891.1	259578	2526019584
1848	NW_021838892.1	259192	2526281728
1849	NW_021838893.1	257735	2526543872
1850	NW_021838894.1	257131	2526806016
1851	NW_021838895.1	257090	2527068160
1852	NW_021838896.1	255837	2527330304
1853	NW_021838897.1	255506	2527592448
1854	NW_021838898.1	3200224	2527854592
1855	NW_021838899.1	254465	2531262464
1856	NW_021838900.1	254006	2531524608
1857	NW_021838901.1	253095	2531786752
1858	NW_021838902.1	252411	2532048896
1859	NW_021838903.1	252390	2532311040
1860	NW_021838904.1	251862	2532573184
1861	NW_021838905.1	252068	2532835328
1862	NW_021838906.1	250501	2533097472
1863	NW_021838907.1	249824	2533359616
1864	NW_021838908.1	250154	2533621760
1865	NW_021838909.1	94263231	2533883904
1866	NW_021838910.1	3185669	2628255744
1867	NW_021838911.1	250491	2631663616
1868	NW_021838912.1	249641	2631925760
1869	NW_021838913.1	248423	2632187904
1870	NW_021838914.1	248901	2632450048
1871	NW_021838915.1	248095	2632712192
1872	NW_021838916.1	248075	2632974336
1873	NW_021838917.1	246562	2633236480
1874	NW_021838918.1	244471	2633498624
1875	NW_021838919.1	244296	2633760768
1876	NW_021838920.1	243703	2634022912
1877	NW_021838921.1	3175919	2634285056
1878	NW_021838922.1	242977	2637692928
1879	NW_021838923.1	242914	2637955072
1880	NW_021838924.1	241328	2638217216
1881	NW_021838925.1	241655	2638479360
1882	NW_021838926.1	240291	2638741504
1883	NW_021838927.1	240845	2639003648
1884	NW_021838928.1	239784	2639265792
1885	NW_021838929.1	238678	2639527936
1886	NW_021838930.1	238473	2639790080
1887	NW_021838931.1	238629	2640052224
1888	NW_021838932.1	3153875	2640314368
1889	NW_021838933.1	237623	2643722240
1890	NW_021838934.1	238060	2643984384
1891	NW_021838935.1	237316	2644246528
1892	NW_021838936.1	236994	2644508672
1893	NW_021838937.1	236530	2644770816
1894	NW_021838938.1	236329	2645032960
1895	NW_021838939.1	236803	2645295104
1896	NW_021838940.1	236484	2645557248
1897	NW_021838941.1	235970	2645819392
1898	NW_021838942.1	235738	2646081536
1899	NW_021838943.1	3019991	2646343680
1900	NW_021838944.1	235731	2649489408
1901	NW_021838945.1	235582	2649751552
1902	NW_021838946.1	235488	2650013696
1903	NW_021838947.1	235825	2650275840
1904	NW_021838948.1	233750	2650537984
1905	NW_021838949.1	232096	2650800128
1906	NW_021838950.1	231336	2651062272
1907	NW_021838951.1	230115	2651324416
1908	NW_021838952.1	229365	2651586560
1909	NW_021838953.1	229263	2651848704
1910	NW_021838954.1	2971402	2652110848
1911	NW_021838955.1	228711	2655256576
1912	NW_021838956.1	228379	2655518720
1913	NW_021838957.1	229116	2655780864
1914	NW_021838958.1	227599	2656043008
1915	NW_021838959.1	225901	2656305152
1916	NW_021838960.1	225777	2656567296
1917	NW_021838961.1	225251	2656829440
1918	NW_021838962.1	225381	2657091584
1919	NW_021838963.1	224313	2657353728
1920	NW_021838964.1	224233	2657615872
1921	NW_021838965.1	2975545	2657878016
1922	NW_021838966.1	224935	2661023744
1923	NW_021838967.1	224149	2661285888
1924	NW_021838968.1	222839	2661548032
1925	NW_021838969.1	221887	2661810176
1926	NW_021838970.1	221298	2662072320
1927	NW_021838971.1	222788	2662334464
1928	NW_021838972.1	222202	2662596608
1929	NW_021838973.1	221267	2662858752
1930	NW_021838974.1	220660	2663120896
1931	NW_021838975.1	222960	2663383040
1932	NW_021838976.1	2968055	2663645184
1933	NW_021838977.1	218554	2666790912
1934	NW_021838978.1	217693	2667053056
1935	NW_021838979.1	217446	2667315200
1936	NW_021838980.1	217725	2667577344
1937	NW_021838981.1	217632	2667839488
1938	NW_021838982.1	216368	2668101632
1939	NW_021838983.1	216550	2668363776
1940	NW_021838984.1	215897	2668625920
1941	NW_021838985.1	216254	2668888064
1942	NW_021838986.1	215707	2669150208
1943	NW_021838987.1	2942708	2669412352
1944	NW_021838988.1	214816	2672558080
1945	NW_021838989.1	214438	2672820224
1946	NW_021838990.1	214307	2673082368
1947	NW_021838991.1	214005	2673344512
1948	NW_021838992.1	213835	2673606656
1949	NW_021838993.1	214269	2673868800
1950	NW_021838994.1	212836	2674130944
1951	NW_021838995.1	213209	2674393088
1952	NW_021838996.1	213154	2674655232
1953	NW_021838997.1	211720	2674917376
1954	NW_021838998.1	2899469	2675179520
1955	NW_021838999.1	211335	2678325248
1956	NW_021839000.1	211334	2678587392
1957	NW_021839001.1	211829	2678849536
1958	NW_021839002.1	211795	2679111680
1959	NW_021839003.1	210844	2679373824
1960	NW_021839004.1	208193	2679635968
1961	NW_021839005.1	208130	2679898112
1962	NW_021839006.1	207839	2680160256
1963	NW_021839007.1	208253	2680422400
1964	NW_021839008.1	207447	2680684544
1965	NW_021839009.1	2896148	2680946688
1966	NW_021839010.1	207234	2684092416
1967	NW_021839011.1	207226	2684354560
1968	NW_021839012.1	205501	2684616704
1969	NW_021839013.1	205346	2684878848
1970	NW_021839014.1	204977	2685140992
1971	NW_021839015.1	203159	2685403136
1972	NW_021839016.1	202152	2685665280
1973	NW_021839017.1	200634	2685927424
1974	NW_021839018.1	199642	2686189568
1975	NW_021839019.1	200024	2686451712
1976	NW_021839020.1	82511891	2686713856
1977	NW_021839021.1	2845810	2769289216
1978	NW_021839022.1	199323	2772172800
1979	NW_021839023.1	198811	2772434944
1980	NW_021839024.1	198482	2772697088
1981	NW_021839025.1	198935	2772959232
1982	NW_021839026.1	198299	2773221376
1983	NW_021839027.1	199147	2773483520
1984	NW_021839028.1	197637	2773745664
1985	NW_021839029.1	197028	2774007808
1986	NW_021839030.1	195451	2774269952
1987	NW_021839031.1	195103	2774532096
1988	NW_021839032.1	2801117	2774794240
1989	NW_021839033.1	195042	2777677824
1990	NW_021839034.1	194191	2777939968
1991	NW_021839035.1	194042	2778202112
1992	NW_021839036.1	193253	2778464256
1993	NW_021839037.1	193013	2778726400
1994	NW_021839038.1	192079	2778988544
1995	NW_021839039.1	191594	2779250688
1996	NW_021839040.1	191474	2779512832
1997	NW_021839041.1	191382	2779774976
1998	NW_021839042.1	190599	2780037120
1999	NW_021839043.1	2769659	2780299264
2000	NW_021839044.1	190521	2783182848
2001	NW_021839045.1	190498	2783444992
2002	NW_021839046.1	191370	2783707136
2003	NW_021839047.1	189997	2783969280
2004	NW_021839048.1	189835	2784231424
2005	NW_021839049.1	189737	2784493568
2006	NW_021839050.1	189531	2784755712
2007	NW_021839051.1	189436	2785017856
2008	NW_021839052.1	188376	2785280000
2009	NW_021839053.1	188151	2785542144
2010	NW_021839054.1	2724479	2785804288
2011	NW_021839055.1	186834	2788687872
2012	NW_021839056.1	186994	2788950016
2013	NW_021839057.1	186078	2789212160
2014	NW_021839058.1	185742	2789474304
2015	NW_021839059.1	186143	2789736448
2016	NW_021839060.1	186113	2789998592
2017	NW_021839061.1	184607	2790260736
2018	NW_021839062.1	183909	2790522880
2019	NW_021839063.1	183908	2790785024
2020	NW_021839064.1	184377	2791047168
2021	NW_021839065.1	2690114	2791309312
2022	NW_021839066.1	184822	2794192896
2023	NW_021839067.1	184239	2794455040
2024	NW_021839068.1	183146	2794717184
2025	NW_021839069.1	182739	2794979328
2026	NW_021839070.1	182480	2795241472
2027	NW_021839071.1	182068	2795503616
2028	NW_021839072.1	180024	2795765760
2029	NW_021839073.1	179412	2796027904
2030	NW_021839074.1	178847	2796290048
2031	NW_021839075.1	178928	2796552192
2032	NW_021839076.1	2571678	2796814336
2033	NW_021839077.1	178192	2799435776
2034	NW_021839078.1	178108	2799697920
2035	NW_021839079.1	178285	2799960064
2036	NW_021839080.1	178259	2800222208
2037	NW_021839081.1	177751	2800484352
2038	NW_021839082.1	177652	2800746496
2039	NW_021839083.1	179078	2801008640
2040	NW_021839084.1	178047	2801270784
2041	NW_021839085.1	178274	2801532928
2042	NW_021839086.1	2526366	2801795072
2043	NW_021839087.1	177765	2804416512
2044	NW_021839088.1	177487	2804678656
2045	NW_021839089.1	177396	2804940800
2046	NW_021839090.1	176793	2805202944
2047	NW_021839091.1	176634	2805465088
2048	NW_021839092.1	175131	2805727232
2049	NW_021839093.1	174483	2805989376
2050	NW_021839094.1	174778	2806251520
2051	NW_021839095.1	174972	2806513664
2052	NW_021839096.1	173233	2806775808
2053	NW_021839097.1	2518487	2807037952
2054	NW_021839098.1	172653	2809659392
2055	NW_021839099.1	170811	2809921536
2056	NW_021839100.1	171250	2810183680
2057	NW_021839101.1	170144	2810445824
2058	NW_021839102.1	170553	2810707968
2059	NW_021839103.1	169774	2810970112
2060	NW_021839104.1	170238	2811232256
2061	NW_021839105.1	169504	2811494400
2062	NW_021839106.1	168663	2811756544
2063	NW_021839107.1	168598	2812018688
2064	NW_021839108.1	2467431	2812280832
2065	NW_021839109.1	168214	2814902272
2066	NW_021839110.1	168102	2815164416
2067	NW_021839111.1	166121	2815426560
2068	NW_021839112.1	165746	2815688704
2069	NW_021839113.1	165604	2815950848
2070	NW_021839114.1	165733	2816212992
2071	NW_021839115.1	166021	2816475136
2072	NW_021839116.1	164658	2816737280
2073	NW_021839117.1	165003	2816999424
2074	NW_021839118.1	164094	2817261568
2075	NW_021839119.1	2447996	2817523712
2076	NW_021839120.1	162990	2820145152
2077	NW_021839121.1	162946	2820407296
2078	NW_021839122.1	162603	2820669440
2079	NW_021839123.1	163017	2820931584
2080	NW_021839124.1	162409	2821193728
2081	NW_021839125.1	161541	2821455872
2082	NW_021839126.1	161487	2821718016
2083	NW_021839127.1	160575	2821980160
2084	NW_021839128.1	160334	2822242304
2085	NW_021839129.1	159928	2822504448
2086	NW_021839130.1	65883261	2822766592
2087	NW_021839131.1	2449271	2888826880
2088	NW_021839132.1	159150	2891448320
2089	NW_021839133.1	158983	2891710464
2090	NW_021839134.1	158528	2891972608
2091	NW_021839135.1	158193	2892234752
2092	NW_021839136.1	158024	2892496896
2093	NW_021839137.1	157456	2892759040
2094	NW_021839138.1	157436	2893021184
2095	NW_021839139.1	157085	2893283328
2096	NW_021839140.1	157010	2893545472
2097	NW_021839141.1	156428	2893807616
2098	NW_021839142.1	2387001	2894069760
2099	NW_021839143.1	156028	2896691200
2100	NW_021839144.1	155889	2896953344
2101	NW_021839145.1	156172	2897215488
2102	NW_021839146.1	155668	2897477632
2103	NW_021839147.1	155488	2897739776
2104	NW_021839148.1	155403	2898001920
2105	NW_021839149.1	155305	2898264064
2106	NW_021839150.1	155496	2898526208
2107	NW_021839151.1	154827	2898788352
2108	NW_021839152.1	154581	2899050496
2109	NW_021839153.1	2320687	2899312640
2110	NW_021839154.1	154486	2901671936
2111	NW_021839155.1	154029	2901934080
2112	NW_021839156.1	153513	2902196224
2113	NW_021839157.1	152978	2902458368
2114	NW_021839158.1	152335	2902720512
2115	NW_021839159.1	153235	2902982656
2116	NW_021839160.1	152149	2903244800
2117	NW_021839161.1	152473	2903506944
2118	NW_021839162.1	149556	2903769088
2119	NW_021839163.1	149304	2904031232
2120	NW_021839164.1	2283308	2904293376
2121	NW_021839165.1	149301	2906652672
2122	NW_021839166.1	149260	2906914816
2123	NW_021839167.1	149147	2907176960
2124	NW_021839168.1	149084	2907439104
2125	NW_021839169.1	148743	2907701248
2126	NW_021839170.1	147887	2907963392
2127	NW_021839171.1	147373	2908225536
2128	NW_021839172.1	147220	2908487680
2129	NW_021839173.1	147089	2908749824
2130	NW_021839174.1	146931	2909011968
2131	NW_021839175.1	2271055	2909274112
2132	NW_021839176.1	146912	2911633408
2133	NW_021839177.1	145972	2911895552
2134	NW_021839178.1	145646	2912157696
2135	NW_021839179.1	145544	2912419840
2136	NW_021839180.1	145524	2912681984
2137	NW_021839181.1	145830	2912944128
2138	NW_021839182.1	144969	2913206272
2139	NW_021839183.1	144910	2913468416
2140	NW_021839184.1	144114	2913730560
2141	NW_021839185.1	143623	2913992704
2142	NW_021839186.1	2261337	2914254848
2143	NW_021839187.1	143490	2916614144
2144	NW_021839188.1	143119	2916876288
2145	NW_021839189.1	142573	2917138432
2146	NW_021839190.1	142835	2917400576
2147	NW_021839191.1	141909	2917662720
2148	NW_021839192.1	141666	2917924864
2149	NW_021839193.1	141380	2918187008
2150	NW_021839194.1	141264	2918449152
2151	NW_021839195.1	141304	2918711296
2152	NW_021839196.1	140778	2918973440
2153	NW_021839197.1	2231875	2919235584
2154	NW_021839198.1	140736	2921594880
2155	NW_021839199.1	140727	2921857024
2156	NW_021839200.1	140381	2922119168
2157	NW_021839201.1	140281	2922381312
2158	NW_021839202.1	140136	2922643456
2159	NW_021839203.1	139386	2922905600
2160	NW_021839204.1	139510	2923167744
2161	NW_021839205.1	138298	2923429888
2162	NW_021839206.1	138535	2923692032
2163	NW_021839207.1	137623	2923954176
2164	NW_021839208.1	2211683	2924216320
2165	NW_021839209.1	138101	2926575616
2166	NW_021839210.1	136921	2926837760
2167	NW_021839211.1	137365	2927099904
2168	NW_021839212.1	137037	2927362048
2169	NW_021839213.1	136332	2927624192
2170	NW_021839214.1	136083	2927886336
2171	NW_021839215.1	136104	2928148480
2172	NW_021839216.1	135644	2928410624
2173	NW_021839217.1	135111	2928672768
2174	NW_021839218.1	134990	2928934912
2175	NW_021839219.1	2211548	2929197056
2176	NW_021839220.1	134839	2931556352
2177	NW_021839221.1	134347	2931818496
2178	NW_021839222.1	133341	2932080640
2179	NW_021839223.1	132914	2932342784
2180	NW_021839224.1	132547	2932604928
2181	NW_021839225.1	132280	2932867072
2182	NW_021839226.1	132292	2933129216
2183	NW_021839227.1	132155	2933391360
2184	NW_021839228.1	131953	2933653504
2185	NW_021839229.1	130873	2933915648
2186	NW_021839230.1	2128327	2934177792
2187	NW_021839231.1	130166	2936537088
2188	NW_021839232.1	129838	2936799232
2189	NW_021839233.1	128750	2937061376
2190	NW_021839234.1	128688	2937323520
2191	NW_021839235.1	128441	2937585664
2192	NW_021839236.1	127515	2937847808
2193	NW_021839237.1	127404	2938109952
2194	NW_021839238.1	127513	2938372096
2195	NW_021839239.1	126778	2938634240
2196	NW_021839240.1	126370	2938896384
2197	NC_006817.1	16665	2939158528
--sjdbOverhang = 74 taken from the generated genome
Started loading the genome: Sun Feb 21 19:25:55 2021

Genome: size given as a parameter = 2957386645
SA: size given as a parameter = 21075064621
SAindex: size given as a parameter = 1
Read from SAindex: pGe.gSAindexNbases=14  nSAi=357913940
nGenome=2957386645;  nSAbyte=21075064621
GstrandBit=32   SA number of indices=5109106574
Shared memory is not used for genomes. Allocated a private copy of the genome.
Genome file size: 2957386645 bytes; state: good=1 eof=0 fail=0 bad=0
Loading Genome ... done! state: good=1 eof=0 fail=0 bad=0; loaded 2957386645 bytes
SA file size: 21075064621 bytes; state: good=1 eof=0 fail=0 bad=0
Loading SA ... done! state: good=1 eof=0 fail=0 bad=0; loaded 21075064621 bytes
Loading SAindex ... done: 1565873619 bytes
Finished loading the genome: Sun Feb 21 19:26:12 2021

Processing splice junctions database sjdbN=120577,   pGe.sjdbOverhang=74 
alignIntronMax=alignMatesGapMax=0, the max intron size will be approximately determined by (2^winBinNbits)*winAnchorDistNbins=589824
Created thread # 1
Created thread # 2
Starting to map file # 0
mate 1:   CA-F-W5P2_S15_R1_001.fastq.gz
Created thread # 3
Created thread # 4
Created thread # 5
Created thread # 6
Created thread # 7
Created thread # 8
Created thread # 9
Created thread # 10
Created thread # 11
Created thread # 12
Created thread # 13
Created thread # 14
Created thread # 15
Created thread # 16
Created thread # 17
Created thread # 18
Created thread # 19
Created thread # 20
Created thread # 21
Created thread # 22
Created thread # 23
Created thread # 24
Created thread # 25
Created thread # 26
Created thread # 27
Created thread # 28
Created thread # 29
Created thread # 30
Created thread # 31
Created thread # 32
Created thread # 33
Created thread # 34
Created thread # 35
Created thread # 36
Created thread # 37
Created thread # 38
Created thread # 39
Thread #1 end of input stream, nextChar=-1
Completed: thread #2
Completed: thread #8
Completed: thread #11
Completed: thread #39
Completed: thread #1
Completed: thread #6
Completed: thread #16
Completed: thread #18
Completed: thread #3
Completed: thread #24
Completed: thread #14
Completed: thread #5
Completed: thread #9
Completed: thread #19
Completed: thread #7
Completed: thread #10
Completed: thread #22
Completed: thread #12
Completed: thread #26
Completed: thread #15
Completed: thread #29
Completed: thread #17
Completed: thread #21
Completed: thread #13
Completed: thread #30
Completed: thread #27
Completed: thread #31
Completed: thread #25
Completed: thread #23
Completed: thread #20
Completed: thread #0
Joined thread # 1
Joined thread # 2
Joined thread # 3
Completed: thread #34
Completed: thread #28
Completed: thread #36
Completed: thread #32
Completed: thread #35
Completed: thread #37
Completed: thread #4
Joined thread # 4
Joined thread # 5
Joined thread # 6
Joined thread # 7
Joined thread # 8
Joined thread # 9
Joined thread # 10
Joined thread # 11
Joined thread # 12
Joined thread # 13
Joined thread # 14
Joined thread # 15
Joined thread # 16
Joined thread # 17
Joined thread # 18
Joined thread # 19
Joined thread # 20
Joined thread # 21
Joined thread # 22
Joined thread # 23
Joined thread # 24
Joined thread # 25
Joined thread # 26
Joined thread # 27
Joined thread # 28
Joined thread # 29
Joined thread # 30
Joined thread # 31
Joined thread # 32
Completed: thread #38
Completed: thread #33
Joined thread # 33
Joined thread # 34
Joined thread # 35
Joined thread # 36
Joined thread # 37
Joined thread # 38
Joined thread # 39
ALL DONE!
